"../../../Engine/Content/EditorResources/S_Actor.ubulk" 0
"../../../Engine/Content/EditorResources/S_Actor.uasset" 1
"../../../Engine/Content/EditorResources/S_Actor.uexp" 2
"../../../Engine/Content/EditorResources/S_BoxReflectionCapture.uasset" 3
"../../../Engine/Content/EditorResources/S_BoxReflectionCapture.uexp" 4
"../../../Engine/Content/EngineResources/DefaultTexture.ubulk" 5
"../../../Engine/Content/EngineResources/DefaultTexture.uasset" 6
"../../../Engine/Content/EngineResources/DefaultTexture.uexp" 7
"../../../Engine/Content/EngineResources/DefaultTextureCube.uasset" 8
"../../../Engine/Content/EngineResources/DefaultTextureCube.uexp" 9
"../../../Engine/Content/EngineResources/DefaultVolumeTexture2D.uasset" 10
"../../../Engine/Content/EngineResources/DefaultVolumeTexture2D.uexp" 11
"../../../Engine/Content/EngineResources/DefaultVolumeTexture.uasset" 12
"../../../Engine/Content/EngineResources/DefaultVolumeTexture.uexp" 13
"../../../Engine/Content/EditorResources/S_Trigger.ubulk" 14
"../../../Engine/Content/EditorResources/S_Trigger.uasset" 15
"../../../Engine/Content/EditorResources/S_Trigger.uexp" 16
"../../../Engine/Content/EditorResources/S_TriggerBox.uasset" 17
"../../../Engine/Content/EditorResources/S_TriggerBox.uexp" 18
"../../../Engine/Content/EditorResources/S_TriggerCapsule.uasset" 19
"../../../Engine/Content/EditorResources/S_TriggerCapsule.uexp" 20
"../../../Engine/Content/EditorResources/S_TriggerSphere.uasset" 21
"../../../Engine/Content/EditorResources/S_TriggerSphere.uexp" 22
"../../../Engine/Content/EngineMeshes/Sphere.ubulk" 23
"../../../Engine/Content/EngineMeshes/Sphere.uasset" 24
"../../../Engine/Content/EngineMeshes/Sphere.uexp" 25
"../../../Engine/Content/EngineResources/GradientTexture0.uasset" 26
"../../../Engine/Content/EngineResources/GradientTexture0.uexp" 27
"../../../Engine/Content/EngineResources/Black.uasset" 28
"../../../Engine/Content/EngineResources/Black.uexp" 29
"../../../Engine/Content/VREditor/LaserPointer/VR_LaserPower_01.ubulk" 30
"../../../Engine/Content/VREditor/LaserPointer/VR_LaserPower_01.uasset" 31
"../../../Engine/Content/VREditor/LaserPointer/VR_LaserPower_01.uexp" 32
"../../../Engine/Content/VREditor/TransformGizmo/TransformGizmoMaterial.uasset" 33
"../../../Engine/Content/VREditor/TransformGizmo/TransformGizmoMaterial.uexp" 34
"../../../Engine/Content/VREditor/TransformGizmo/TranslucentTransformGizmoMaterial.uasset" 35
"../../../Engine/Content/VREditor/TransformGizmo/TranslucentTransformGizmoMaterial.uexp" 36
"../../../Engine/Content/VREditor/TransformGizmo/PlaneTranslationHandle.ubulk" 37
"../../../Engine/Content/VREditor/TransformGizmo/PlaneTranslationHandle.uasset" 38
"../../../Engine/Content/VREditor/TransformGizmo/PlaneTranslationHandle.uexp" 39
"../../../Engine/Content/VREditor/TransformGizmo/BoundingBoxCorner.ubulk" 40
"../../../Engine/Content/VREditor/TransformGizmo/BoundingBoxCorner.uasset" 41
"../../../Engine/Content/VREditor/TransformGizmo/BoundingBoxCorner.uexp" 42
"../../../Engine/Content/VREditor/TransformGizmo/BoundingBoxEdge.ubulk" 43
"../../../Engine/Content/VREditor/TransformGizmo/BoundingBoxEdge.uasset" 44
"../../../Engine/Content/VREditor/TransformGizmo/BoundingBoxEdge.uexp" 45
"../../../Engine/Content/VREditor/TransformGizmo/Main.uasset" 46
"../../../Engine/Content/VREditor/TransformGizmo/Main.uexp" 47
"../../../Engine/Content/VREditor/TransformGizmo/Xray.uasset" 48
"../../../Engine/Content/VREditor/TransformGizmo/Xray.uexp" 49
"../../../Engine/Content/VREditor/TransformGizmo/SM_Sequencer_Node.ubulk" 50
"../../../Engine/Content/VREditor/TransformGizmo/SM_Sequencer_Node.uasset" 51
"../../../Engine/Content/VREditor/TransformGizmo/SM_Sequencer_Node.uexp" 52
"../../../Engine/Content/EditorMaterials/Camera/CineMat.uasset" 53
"../../../Engine/Content/EditorMaterials/Camera/CineMat.uexp" 54
"../../../Engine/Content/EditorMaterials/Camera/MI_CineMat_Rig.uasset" 55
"../../../Engine/Content/EditorMaterials/Camera/MI_CineMat_Rig.uexp" 56
"../../../Engine/Content/EditorMeshes/Camera/SM_CraneRig_Base.ubulk" 57
"../../../Engine/Content/EditorMeshes/Camera/SM_CraneRig_Base.uasset" 58
"../../../Engine/Content/EditorMeshes/Camera/SM_CraneRig_Base.uexp" 59
"../../../Engine/Content/EditorMeshes/Camera/SM_CraneRig_Arm.ubulk" 60
"../../../Engine/Content/EditorMeshes/Camera/SM_CraneRig_Arm.uasset" 61
"../../../Engine/Content/EditorMeshes/Camera/SM_CraneRig_Arm.uexp" 62
"../../../Engine/Content/EditorMeshes/Camera/SM_CraneRig_Mount.ubulk" 63
"../../../Engine/Content/EditorMeshes/Camera/SM_CraneRig_Mount.uasset" 64
"../../../Engine/Content/EditorMeshes/Camera/SM_CraneRig_Mount.uexp" 65
"../../../Engine/Content/EditorMeshes/Camera/SM_CraneRig_Body.ubulk" 66
"../../../Engine/Content/EditorMeshes/Camera/SM_CraneRig_Body.uasset" 67
"../../../Engine/Content/EditorMeshes/Camera/SM_CraneRig_Body.uexp" 68
"../../../Engine/Content/EditorMeshes/Camera/SM_RailRig_Track.ubulk" 69
"../../../Engine/Content/EditorMeshes/Camera/SM_RailRig_Track.uasset" 70
"../../../Engine/Content/EditorMeshes/Camera/SM_RailRig_Track.uexp" 71
"../../../Engine/Content/EditorMeshes/Camera/SM_RailRig_Mount.ubulk" 72
"../../../Engine/Content/EditorMeshes/Camera/SM_RailRig_Mount.uasset" 73
"../../../Engine/Content/EditorMeshes/Camera/SM_RailRig_Mount.uexp" 74
"../../../Engine/Content/EngineMaterials/T_Default_Material_Grid_M.ubulk" 75
"../../../Engine/Content/EngineMaterials/T_Default_Material_Grid_M.uasset" 76
"../../../Engine/Content/EngineMaterials/T_Default_Material_Grid_M.uexp" 77
"../../../Engine/Content/EngineMaterials/T_Default_Material_Grid_N.ubulk" 78
"../../../Engine/Content/EngineMaterials/T_Default_Material_Grid_N.uasset" 79
"../../../Engine/Content/EngineMaterials/T_Default_Material_Grid_N.uexp" 80
"../../../Engine/Content/Functions/Engine_MaterialFunctions01/Opacity/CameraDepthFade.uasset" 81
"../../../Engine/Content/Functions/Engine_MaterialFunctions01/Opacity/CameraDepthFade.uexp" 82
"../../../Engine/Content/EngineMaterials/WorldGridMaterial.uasset" 83
"../../../Engine/Content/EngineMaterials/WorldGridMaterial.uexp" 84
"../../../Engine/Content/ArtTools/RenderToTexture/Meshes/S_1_Unit_Plane.ubulk" 85
"../../../Engine/Content/ArtTools/RenderToTexture/Meshes/S_1_Unit_Plane.uasset" 86
"../../../Engine/Content/ArtTools/RenderToTexture/Meshes/S_1_Unit_Plane.uexp" 87
"../../../Engine/Content/EditorMaterials/ParticleSystems/PSysThumbnail_NoImage.ubulk" 88
"../../../Engine/Content/EditorMaterials/ParticleSystems/PSysThumbnail_NoImage.uasset" 89
"../../../Engine/Content/EditorMaterials/ParticleSystems/PSysThumbnail_NoImage.uexp" 90
"../../../Engine/Content/EditorMaterials/ParticleSystems/PSysThumbnail_OOD.ubulk" 91
"../../../Engine/Content/EditorMaterials/ParticleSystems/PSysThumbnail_OOD.uasset" 92
"../../../Engine/Content/EditorMaterials/ParticleSystems/PSysThumbnail_OOD.uexp" 93
"../../../Engine/Content/EditorLandscapeResources/SplineEditorMeshMat.uasset" 94
"../../../Engine/Content/EditorLandscapeResources/SplineEditorMeshMat.uexp" 95
"../../../Engine/Content/EditorLandscapeResources/SplineEditorMesh.ubulk" 96
"../../../Engine/Content/EditorLandscapeResources/SplineEditorMesh.uasset" 97
"../../../Engine/Content/EditorLandscapeResources/SplineEditorMesh.uexp" 98
"../../../Engine/Content/EditorResources/S_Solver.ubulk" 99
"../../../Engine/Content/EditorResources/S_Solver.uasset" 100
"../../../Engine/Content/EditorResources/S_Solver.uexp" 101
"../../../Engine/Plugins/Media/MediaPlate/Content/SM_MediaPlateScreen.ubulk" 102
"../../../Engine/Plugins/Media/MediaPlate/Content/SM_MediaPlateScreen.uasset" 103
"../../../Engine/Plugins/Media/MediaPlate/Content/SM_MediaPlateScreen.uexp" 104
"../../../Engine/Content/EngineMaterials/Good64x64TilingNoiseHighFreq.uasset" 105
"../../../Engine/Content/EngineMaterials/Good64x64TilingNoiseHighFreq.uexp" 106
"../../../Engine/Content/EngineMaterials/DefaultBokeh.uasset" 107
"../../../Engine/Content/EngineMaterials/DefaultBokeh.uexp" 108
"../../../Engine/Content/EngineMaterials/PreintegratedSkinBRDF.uasset" 109
"../../../Engine/Content/EngineMaterials/PreintegratedSkinBRDF.uexp" 110
"../../../Engine/Content/EngineMaterials/MiniFont.uasset" 111
"../../../Engine/Content/EngineMaterials/MiniFont.uexp" 112
"../../../Engine/Content/EngineMaterials/WeightMapPlaceholderTexture.uasset" 113
"../../../Engine/Content/EngineMaterials/WeightMapPlaceholderTexture.uexp" 114
"../../../Engine/Content/EngineMaterials/DefaultWhiteGrid.ubulk" 115
"../../../Engine/Content/EngineMaterials/DefaultWhiteGrid.uasset" 116
"../../../Engine/Content/EngineMaterials/DefaultWhiteGrid.uexp" 117
"../../../Engine/Content/EngineMaterials/DefaultMaterial.uasset" 118
"../../../Engine/Content/EngineMaterials/DefaultMaterial.uexp" 119
"../../../Engine/Content/BasicShapes/Sphere.ubulk" 120
"../../../Engine/Content/BasicShapes/Sphere.uasset" 121
"../../../Engine/Content/BasicShapes/Sphere.uexp" 122
"../../../Engine/Content/BasicShapes/Cone.ubulk" 123
"../../../Engine/Content/BasicShapes/Cone.uasset" 124
"../../../Engine/Content/BasicShapes/Cone.uexp" 125
"../../../Engine/Content/EditorLandscapeResources/DefaultAlphaTexture.uasset" 126
"../../../Engine/Content/EditorLandscapeResources/DefaultAlphaTexture.uexp" 127
"../../../Engine/Content/EditorLandscapeResources/DataLayer.uasset" 128
"../../../Engine/Content/EditorLandscapeResources/DataLayer.uexp" 129
"../../../Engine/Content/EditorMaterials/PreviewShadowIndicator.ubulk" 130
"../../../Engine/Content/EditorMaterials/PreviewShadowIndicator.uasset" 131
"../../../Engine/Content/EditorMaterials/PreviewShadowIndicator.uexp" 132
"../../../Engine/Content/EditorMaterials/PreviewShadowIndicatorMaterial.uasset" 133
"../../../Engine/Content/EditorMaterials/PreviewShadowIndicatorMaterial.uexp" 134
"../../../Engine/Content/EditorMaterials/PhAT_UnselectedMaterial.uasset" 135
"../../../Engine/Content/EditorMaterials/PhAT_UnselectedMaterial.uexp" 136
"../../../Engine/Content/EditorMaterials/PhAT_NoCollisionMaterial.uasset" 137
"../../../Engine/Content/EditorMaterials/PhAT_NoCollisionMaterial.uexp" 138
"../../../Engine/Content/Functions/Engine_MaterialFunctions02/Utility/MakeFloat4.uasset" 139
"../../../Engine/Content/Functions/Engine_MaterialFunctions02/Utility/MakeFloat4.uexp" 140
"../../../Engine/Content/Functions/Engine_MaterialFunctions02/Utility/MakeFloat3.uasset" 141
"../../../Engine/Content/Functions/Engine_MaterialFunctions02/Utility/MakeFloat3.uexp" 142
"../../../Engine/Content/Functions/Engine_MaterialFunctions02/Utility/BreakOutFloat3Components.uasset" 143
"../../../Engine/Content/Functions/Engine_MaterialFunctions02/Utility/BreakOutFloat3Components.uexp" 144
"../../../Engine/Content/EditorMaterials/WorldPartition/WorldPartitionSpatialHashGridPreviewMaterial.uasset" 145
"../../../Engine/Content/EditorMaterials/WorldPartition/WorldPartitionSpatialHashGridPreviewMaterial.uexp" 146
"../../../Engine/Content/EditorResources/S_Terrain.ubulk" 147
"../../../Engine/Content/EditorResources/S_Terrain.uasset" 148
"../../../Engine/Content/EditorResources/S_Terrain.uexp" 149
"../../../Engine/Content/EditorResources/EmptyActor.uasset" 150
"../../../Engine/Content/EditorResources/EmptyActor.uexp" 151
"../../../Engine/Content/EditorResources/BSPVertex.uasset" 152
"../../../Engine/Content/EditorResources/BSPVertex.uexp" 153
"../../../Engine/Content/EditorResources/LightIcons/S_LightError.uasset" 154
"../../../Engine/Content/EditorResources/LightIcons/S_LightError.uexp" 155
"../../../Engine/Content/EditorResources/SequenceRecorder/RecordingIndicator.uasset" 156
"../../../Engine/Content/EditorResources/SequenceRecorder/RecordingIndicator.uexp" 157
"../../../Engine/Content/EditorResources/SequenceRecorder/Countdown.uasset" 158
"../../../Engine/Content/EditorResources/SequenceRecorder/Countdown.uexp" 159
"../../../Engine/Content/EngineDamageTypes/DmgTypeBP_Environmental.uasset" 160
"../../../Engine/Content/EngineDamageTypes/DmgTypeBP_Environmental.uexp" 161
"../../../Engine/Content/Functions/Engine_MaterialFunctions02/Utility/CameraDirectionVector.uasset" 162
"../../../Engine/Content/Functions/Engine_MaterialFunctions02/Utility/CameraDirectionVector.uexp" 163
"../../../Engine/Content/EngineDebugMaterials/VolumeToRender.uasset" 164
"../../../Engine/Content/EngineDebugMaterials/VolumeToRender.uexp" 165
"../../../Engine/Content/EngineDebugMaterials/M_VolumeRenderSphereTracePP.uasset" 166
"../../../Engine/Content/EngineDebugMaterials/M_VolumeRenderSphereTracePP.uexp" 167
"../../../Engine/Content/EngineDebugMaterials/M_SimpleUnlitTranslucent.uasset" 168
"../../../Engine/Content/EngineDebugMaterials/M_SimpleUnlitTranslucent.uexp" 169
"../../../Engine/Content/EngineDebugMaterials/DebugMeshMaterial.uasset" 170
"../../../Engine/Content/EngineDebugMaterials/DebugMeshMaterial.uexp" 171
"../../../Engine/Content/EngineDebugMaterials/DebugEditorMaterial.uasset" 172
"../../../Engine/Content/EngineDebugMaterials/DebugEditorMaterial.uexp" 173
"../../../Engine/Content/EngineFonts/Faces/RobotoLight.uexp" 174
"../../../Engine/Content/EngineFonts/Faces/RobotoLight.uasset" 175
"../../../Engine/Content/EngineFonts/Faces/RobotoLight.ufont" 176
"../../../Engine/Content/EngineFonts/Faces/RobotoBold.uexp" 177
"../../../Engine/Content/EngineFonts/Faces/RobotoBold.uasset" 178
"../../../Engine/Content/EngineFonts/Faces/RobotoBold.ufont" 179
"../../../Engine/Content/EngineFonts/Faces/RobotoRegular.uexp" 180
"../../../Engine/Content/EngineFonts/Faces/RobotoRegular.uasset" 181
"../../../Engine/Content/EngineFonts/Faces/RobotoRegular.ufont" 182
"../../../Engine/Content/EngineFonts/Faces/DroidSansFallback.uexp" 183
"../../../Engine/Content/EngineFonts/Faces/DroidSansFallback.uasset" 184
"../../../Engine/Content/EngineFonts/Faces/DroidSansFallback.ufont" 185
"../../../Engine/Content/EngineFonts/Faces/RobotoItalic.uexp" 186
"../../../Engine/Content/EngineFonts/Faces/RobotoItalic.uasset" 187
"../../../Engine/Content/EngineFonts/Faces/RobotoItalic.ufont" 188
"../../../Engine/Content/EngineFonts/Faces/RobotoBoldItalic.uexp" 189
"../../../Engine/Content/EngineFonts/Faces/RobotoBoldItalic.uasset" 190
"../../../Engine/Content/EngineFonts/Faces/RobotoBoldItalic.ufont" 191
"../../../Engine/Content/EngineFonts/Roboto.uasset" 192
"../../../Engine/Content/EngineFonts/Roboto.uexp" 193
"../../../Engine/Content/EngineResources/WhiteSquareTexture.uasset" 194
"../../../Engine/Content/EngineResources/WhiteSquareTexture.uexp" 195
"../../../Engine/Content/EngineMaterials/Widget3DPassThrough.uasset" 196
"../../../Engine/Content/EngineMaterials/Widget3DPassThrough.uexp" 197
"../../../Engine/Content/EngineMaterials/Widget3DPassThrough_Translucent.uasset" 198
"../../../Engine/Content/EngineMaterials/Widget3DPassThrough_Translucent.uexp" 199
"../../../Engine/Content/EngineMaterials/Widget3DPassThrough_Translucent_OneSided.uasset" 200
"../../../Engine/Content/EngineMaterials/Widget3DPassThrough_Translucent_OneSided.uexp" 201
"../../../Engine/Content/EngineMaterials/Widget3DPassThrough_Opaque.uasset" 202
"../../../Engine/Content/EngineMaterials/Widget3DPassThrough_Opaque.uexp" 203
"../../../Engine/Content/EngineMaterials/Widget3DPassThrough_Opaque_OneSided.uasset" 204
"../../../Engine/Content/EngineMaterials/Widget3DPassThrough_Opaque_OneSided.uexp" 205
"../../../Engine/Content/EngineMaterials/Widget3DPassThrough_Masked_OneSided.uasset" 206
"../../../Engine/Content/EngineMaterials/Widget3DPassThrough_Masked_OneSided.uexp" 207
"../../../Engine/Content/EngineMaterials/Widget3DPassThrough_Masked.uasset" 208
"../../../Engine/Content/EngineMaterials/Widget3DPassThrough_Masked.uexp" 209
"../../../Engine/Content/EngineMaterials/STBlueNoise_vec2_128x128x64.uasset" 210
"../../../Engine/Content/EngineMaterials/STBlueNoise_vec2_128x128x64.uexp" 211
"../../../Engine/Content/EngineMaterials/STBlueNoise_scalar_128x128x64.uasset" 212
"../../../Engine/Content/EngineMaterials/STBlueNoise_scalar_128x128x64.uexp" 213
"../../../Engine/Content/EngineMaterials/RemoveSurfaceMaterial.uasset" 214
"../../../Engine/Content/EngineMaterials/RemoveSurfaceMaterial.uexp" 215
"../../../Engine/Content/EngineMaterials/DefaultCalibrationGrayscale.uasset" 216
"../../../Engine/Content/EngineMaterials/DefaultCalibrationGrayscale.uexp" 217
"../../../Engine/Content/EngineMaterials/PPM_DefaultCalibrationGrayscale.uasset" 218
"../../../Engine/Content/EngineMaterials/PPM_DefaultCalibrationGrayscale.uexp" 219
"../../../Engine/Content/EngineMaterials/DefaultCalibrationColor.uasset" 220
"../../../Engine/Content/EngineMaterials/DefaultCalibrationColor.uexp" 221
"../../../Engine/Content/EngineMaterials/PPM_DefaultCalibrationColor.uasset" 222
"../../../Engine/Content/EngineMaterials/PPM_DefaultCalibrationColor.uexp" 223
"../../../Engine/Content/Functions/Engine_MaterialFunctions02/WorldPositionOffset/CameraOffset.uasset" 224
"../../../Engine/Content/Functions/Engine_MaterialFunctions02/WorldPositionOffset/CameraOffset.uexp" 225
"../../../Engine/Content/EngineMaterials/PhAT_JointLimitMaterial.uasset" 226
"../../../Engine/Content/EngineMaterials/PhAT_JointLimitMaterial.uexp" 227
"../../../Engine/Content/EngineMaterials/InvalidLightmapSettings.ubulk" 228
"../../../Engine/Content/EngineMaterials/InvalidLightmapSettings.uasset" 229
"../../../Engine/Content/EngineMaterials/InvalidLightmapSettings.uexp" 230
"../../../Engine/Content/EngineMaterials/M_InvalidLightmapSettings.uasset" 231
"../../../Engine/Content/EngineMaterials/M_InvalidLightmapSettings.uexp" 232
"../../../Engine/Content/EngineMaterials/GizmoMaterial.uasset" 233
"../../../Engine/Content/EngineMaterials/GizmoMaterial.uexp" 234
"../../../Engine/Content/EngineMaterials/BaseFlattenEmissiveMap_VT.uasset" 235
"../../../Engine/Content/EngineMaterials/BaseFlattenEmissiveMap_VT.uexp" 236
"../../../Engine/Content/EngineMaterials/BaseFlattenGrayscaleMap_VT.uasset" 237
"../../../Engine/Content/EngineMaterials/BaseFlattenGrayscaleMap_VT.uexp" 238
"../../../Engine/Content/EngineMaterials/BaseFlattenLinearColor_VT.uasset" 239
"../../../Engine/Content/EngineMaterials/BaseFlattenLinearColor_VT.uexp" 240
"../../../Engine/Content/EngineMaterials/Black_1x1_EXR_Texture_VT.uasset" 241
"../../../Engine/Content/EngineMaterials/Black_1x1_EXR_Texture_VT.uexp" 242
"../../../Engine/Content/EngineMaterials/BaseFlattenDiffuseMap_VT.uasset" 243
"../../../Engine/Content/EngineMaterials/BaseFlattenDiffuseMap_VT.uexp" 244
"../../../Engine/Content/EngineMaterials/BaseFlattenNormalMap_VT.uasset" 245
"../../../Engine/Content/EngineMaterials/BaseFlattenNormalMap_VT.uexp" 246
"../../../Engine/Content/EngineMaterials/FlattenMaterial_WS_Normal_VT.uasset" 247
"../../../Engine/Content/EngineMaterials/FlattenMaterial_WS_Normal_VT.uexp" 248
"../../../Engine/Content/EngineMaterials/FlattenMaterial_VT.uasset" 249
"../../../Engine/Content/EngineMaterials/FlattenMaterial_VT.uexp" 250
"../../../Engine/Content/EngineMaterials/BaseFlattenNormalMap.uasset" 251
"../../../Engine/Content/EngineMaterials/BaseFlattenNormalMap.uexp" 252
"../../../Engine/Content/EngineMaterials/BaseFlattenGrayscaleMap.uasset" 253
"../../../Engine/Content/EngineMaterials/BaseFlattenGrayscaleMap.uexp" 254
"../../../Engine/Content/EngineMaterials/BaseFlattenDiffuseMap.uasset" 255
"../../../Engine/Content/EngineMaterials/BaseFlattenDiffuseMap.uexp" 256
"../../../Engine/Content/Functions/Engine_MaterialFunctions02/PivotPainter2/Black_1x1_EXR_Texture.uasset" 257
"../../../Engine/Content/Functions/Engine_MaterialFunctions02/PivotPainter2/Black_1x1_EXR_Texture.uexp" 258
"../../../Engine/Content/EngineMaterials/BaseFlattenEmissiveMap.uasset" 259
"../../../Engine/Content/EngineMaterials/BaseFlattenEmissiveMap.uexp" 260
"../../../Engine/Content/EngineMaterials/BaseFlattenLinearColor.uasset" 261
"../../../Engine/Content/EngineMaterials/BaseFlattenLinearColor.uexp" 262
"../../../Engine/Content/EngineMaterials/FlattenMaterial.uasset" 263
"../../../Engine/Content/EngineMaterials/FlattenMaterial.uexp" 264
"../../../Engine/Content/EngineMaterials/DefaultWhiteGrid_Low.uasset" 265
"../../../Engine/Content/EngineMaterials/DefaultWhiteGrid_Low.uexp" 266
"../../../Engine/Content/EngineMaterials/EmissiveMeshMaterial.uasset" 267
"../../../Engine/Content/EngineMaterials/EmissiveMeshMaterial.uexp" 268
"../../../Engine/Content/EngineFonts/RobotoDistanceField.uasset" 269
"../../../Engine/Content/EngineFonts/RobotoDistanceField.uexp" 270
"../../../Engine/Content/EngineMaterials/DefaultTextMaterialOpaque.uasset" 271
"../../../Engine/Content/EngineMaterials/DefaultTextMaterialOpaque.uexp" 272
"../../../Engine/Content/EngineMaterials/DefaultDiffuse.ubulk" 273
"../../../Engine/Content/EngineMaterials/DefaultDiffuse.uasset" 274
"../../../Engine/Content/EngineMaterials/DefaultDiffuse.uexp" 275
"../../../Engine/Content/Functions/Engine_MaterialFunctions02/Utility/BreakOutFloat2Components.uasset" 276
"../../../Engine/Content/Functions/Engine_MaterialFunctions02/Utility/BreakOutFloat2Components.uexp" 277
"../../../Engine/Content/EngineMaterials/DefaultPostProcessMaterial.uasset" 278
"../../../Engine/Content/EngineMaterials/DefaultPostProcessMaterial.uexp" 279
"../../../Engine/Content/EngineMaterials/DefaultLightFunctionMaterial.uasset" 280
"../../../Engine/Content/EngineMaterials/DefaultLightFunctionMaterial.uexp" 281
"../../../Engine/Content/EngineMaterials/DefaultDestructiblePhysicalMaterial.uasset" 282
"../../../Engine/Content/EngineMaterials/DefaultDestructiblePhysicalMaterial.uexp" 283
"../../../Engine/Content/EngineMaterials/DefaultDeferredDecalMaterial.uasset" 284
"../../../Engine/Content/EngineMaterials/DefaultDeferredDecalMaterial.uexp" 285
"../../../Engine/Content/EngineMaterials/DefaultBloomKernel.uasset" 286
"../../../Engine/Content/EngineMaterials/DefaultBloomKernel.uexp" 287
"../../../Engine/Content/BasicShapes/Cube.ubulk" 288
"../../../Engine/Content/BasicShapes/Cube.uasset" 289
"../../../Engine/Content/BasicShapes/Cube.uexp" 290
"C:/Unreal Projects/FungusAbenteuer/Content/Characters/Mannequins/Meshes/SK_Mannequin.uasset" 291
"C:/Unreal Projects/FungusAbenteuer/Content/Characters/Mannequins/Meshes/SK_Mannequin.uexp" 292
"C:/Unreal Projects/FungusAbenteuer/Content/Characters/Mannequins/Textures/Quinn/T_Quinn_02ID_MSR_MSK.ubulk" 293
"C:/Unreal Projects/FungusAbenteuer/Content/Characters/Mannequins/Textures/Quinn/T_Quinn_02ID_MSR_MSK.uasset" 294
"C:/Unreal Projects/FungusAbenteuer/Content/Characters/Mannequins/Textures/Quinn/T_Quinn_02ID_MSR_MSK.uexp" 295
"C:/Unreal Projects/FungusAbenteuer/Content/Characters/Mannequins/Textures/Quinn/T_Quinn_02ID_BN.ubulk" 296
"C:/Unreal Projects/FungusAbenteuer/Content/Characters/Mannequins/Textures/Quinn/T_Quinn_02ID_BN.uasset" 297
"C:/Unreal Projects/FungusAbenteuer/Content/Characters/Mannequins/Textures/Quinn/T_Quinn_02ID_BN.uexp" 298
"C:/Unreal Projects/FungusAbenteuer/Content/Characters/Mannequins/Textures/Quinn/T_Quinn_02_ASAOMASK_MSK.ubulk" 299
"C:/Unreal Projects/FungusAbenteuer/Content/Characters/Mannequins/Textures/Quinn/T_Quinn_02_ASAOMASK_MSK.uasset" 300
"C:/Unreal Projects/FungusAbenteuer/Content/Characters/Mannequins/Textures/Quinn/T_Quinn_02_ASAOMASK_MSK.uexp" 301
"C:/Unreal Projects/FungusAbenteuer/Content/Characters/Mannequins/Textures/Quinn/T_Quinn_02_CCRCCPlastic_MSK.ubulk" 302
"C:/Unreal Projects/FungusAbenteuer/Content/Characters/Mannequins/Textures/Quinn/T_Quinn_02_CCRCCPlastic_MSK.uasset" 303
"C:/Unreal Projects/FungusAbenteuer/Content/Characters/Mannequins/Textures/Quinn/T_Quinn_02_CCRCCPlastic_MSK.uexp" 304
"C:/Unreal Projects/FungusAbenteuer/Content/Characters/Mannequins/Textures/Quinn/T_Quinn_02ID_Tan.ubulk" 305
"C:/Unreal Projects/FungusAbenteuer/Content/Characters/Mannequins/Textures/Quinn/T_Quinn_02ID_Tan.uasset" 306
"C:/Unreal Projects/FungusAbenteuer/Content/Characters/Mannequins/Textures/Quinn/T_Quinn_02ID_Tan.uexp" 307
"C:/Unreal Projects/FungusAbenteuer/Content/Characters/Mannequins/Textures/Quinn/T_Quinn_02ID_D.ubulk" 308
"C:/Unreal Projects/FungusAbenteuer/Content/Characters/Mannequins/Textures/Quinn/T_Quinn_02ID_D.uasset" 309
"C:/Unreal Projects/FungusAbenteuer/Content/Characters/Mannequins/Textures/Quinn/T_Quinn_02ID_D.uexp" 310
"C:/Unreal Projects/FungusAbenteuer/Content/Characters/Mannequins/Textures/Quinn/T_Quinn_01ID_MSR_MSK.ubulk" 311
"C:/Unreal Projects/FungusAbenteuer/Content/Characters/Mannequins/Textures/Quinn/T_Quinn_01ID_MSR_MSK.uasset" 312
"C:/Unreal Projects/FungusAbenteuer/Content/Characters/Mannequins/Textures/Quinn/T_Quinn_01ID_MSR_MSK.uexp" 313
"C:/Unreal Projects/FungusAbenteuer/Content/Characters/Mannequins/Materials/Functions/ChromaticCurve.uasset" 314
"C:/Unreal Projects/FungusAbenteuer/Content/Characters/Mannequins/Materials/Functions/ChromaticCurve.uexp" 315
"C:/Unreal Projects/FungusAbenteuer/Content/Characters/Mannequins/Materials/Functions/CA_Mannequin.uasset" 316
"C:/Unreal Projects/FungusAbenteuer/Content/Characters/Mannequins/Materials/Functions/CA_Mannequin.uexp" 317
"C:/Unreal Projects/FungusAbenteuer/Content/Characters/Mannequins/Materials/Functions/MF_Diffraction.uasset" 318
"C:/Unreal Projects/FungusAbenteuer/Content/Characters/Mannequins/Materials/Functions/MF_Diffraction.uexp" 319
"C:/Unreal Projects/FungusAbenteuer/Content/Characters/Mannequins/Textures/Manny/T_Manny_01_N.ubulk" 320
"C:/Unreal Projects/FungusAbenteuer/Content/Characters/Mannequins/Textures/Manny/T_Manny_01_N.uasset" 321
"C:/Unreal Projects/FungusAbenteuer/Content/Characters/Mannequins/Textures/Manny/T_Manny_01_N.uexp" 322
"C:/Unreal Projects/FungusAbenteuer/Content/Characters/Mannequins/Materials/Functions/ML_BaseColorFallOff.uasset" 323
"C:/Unreal Projects/FungusAbenteuer/Content/Characters/Mannequins/Materials/Functions/ML_BaseColorFallOff.uexp" 324
"../../../Engine/Content/Functions/Engine_MaterialFunctions01/Texturing/ScaleUVsByCenter.uasset" 325
"../../../Engine/Content/Functions/Engine_MaterialFunctions01/Texturing/ScaleUVsByCenter.uexp" 326
"C:/Unreal Projects/FungusAbenteuer/Content/Characters/Mannequins/Textures/Shared/T_UE_Logo_M.uasset" 327
"C:/Unreal Projects/FungusAbenteuer/Content/Characters/Mannequins/Textures/Shared/T_UE_Logo_M.uexp" 328
"C:/Unreal Projects/FungusAbenteuer/Content/Characters/Mannequins/Materials/Functions/MF_logo3layers.uasset" 329
"C:/Unreal Projects/FungusAbenteuer/Content/Characters/Mannequins/Materials/Functions/MF_logo3layers.uexp" 330
"C:/Unreal Projects/FungusAbenteuer/Content/Characters/Mannequins/Textures/Manny/T_Manny_01_CCRCCPlastic_MSK.ubulk" 331
"C:/Unreal Projects/FungusAbenteuer/Content/Characters/Mannequins/Textures/Manny/T_Manny_01_CCRCCPlastic_MSK.uasset" 332
"C:/Unreal Projects/FungusAbenteuer/Content/Characters/Mannequins/Textures/Manny/T_Manny_01_CCRCCPlastic_MSK.uexp" 333
"C:/Unreal Projects/FungusAbenteuer/Content/Characters/Mannequins/Textures/Manny/T_Manny_01_ASAOPMASK_MSK.ubulk" 334
"C:/Unreal Projects/FungusAbenteuer/Content/Characters/Mannequins/Textures/Manny/T_Manny_01_ASAOPMASK_MSK.uasset" 335
"C:/Unreal Projects/FungusAbenteuer/Content/Characters/Mannequins/Textures/Manny/T_Manny_01_ASAOPMASK_MSK.uexp" 336
"C:/Unreal Projects/FungusAbenteuer/Content/Characters/Mannequins/Textures/Manny/T_Manny_01_MSR_MSK.ubulk" 337
"C:/Unreal Projects/FungusAbenteuer/Content/Characters/Mannequins/Textures/Manny/T_Manny_01_MSR_MSK.uasset" 338
"C:/Unreal Projects/FungusAbenteuer/Content/Characters/Mannequins/Textures/Manny/T_Manny_01_MSR_MSK.uexp" 339
"C:/Unreal Projects/FungusAbenteuer/Content/Characters/Mannequins/Textures/Manny/T_Manny_01_BN.ubulk" 340
"C:/Unreal Projects/FungusAbenteuer/Content/Characters/Mannequins/Textures/Manny/T_Manny_01_BN.uasset" 341
"C:/Unreal Projects/FungusAbenteuer/Content/Characters/Mannequins/Textures/Manny/T_Manny_01_BN.uexp" 342
"C:/Unreal Projects/FungusAbenteuer/Content/Characters/Mannequins/Textures/Manny/T_Manny_01_D.ubulk" 343
"C:/Unreal Projects/FungusAbenteuer/Content/Characters/Mannequins/Textures/Manny/T_Manny_01_D.uasset" 344
"C:/Unreal Projects/FungusAbenteuer/Content/Characters/Mannequins/Textures/Manny/T_Manny_01_D.uexp" 345
"C:/Unreal Projects/FungusAbenteuer/Content/Characters/Mannequins/Textures/Manny/T_Manny_01_Tan.ubulk" 346
"C:/Unreal Projects/FungusAbenteuer/Content/Characters/Mannequins/Textures/Manny/T_Manny_01_Tan.uasset" 347
"C:/Unreal Projects/FungusAbenteuer/Content/Characters/Mannequins/Textures/Manny/T_Manny_01_Tan.uexp" 348
"C:/Unreal Projects/FungusAbenteuer/Content/Characters/Mannequins/Materials/M_Mannequin.uasset" 349
"C:/Unreal Projects/FungusAbenteuer/Content/Characters/Mannequins/Materials/M_Mannequin.uexp" 350
"C:/Unreal Projects/FungusAbenteuer/Content/Characters/Mannequins/Textures/Quinn/T_Quinn_01_ASAOMASK_MSK.ubulk" 351
"C:/Unreal Projects/FungusAbenteuer/Content/Characters/Mannequins/Textures/Quinn/T_Quinn_01_ASAOMASK_MSK.uasset" 352
"C:/Unreal Projects/FungusAbenteuer/Content/Characters/Mannequins/Textures/Quinn/T_Quinn_01_ASAOMASK_MSK.uexp" 353
"C:/Unreal Projects/FungusAbenteuer/Content/Characters/Mannequins/Textures/Quinn/T_Quinn_01ID_N.ubulk" 354
"C:/Unreal Projects/FungusAbenteuer/Content/Characters/Mannequins/Textures/Quinn/T_Quinn_01ID_N.uasset" 355
"C:/Unreal Projects/FungusAbenteuer/Content/Characters/Mannequins/Textures/Quinn/T_Quinn_01ID_N.uexp" 356
"C:/Unreal Projects/FungusAbenteuer/Content/Characters/Mannequins/Textures/Quinn/T_Quinn_01ID_BN.ubulk" 357
"C:/Unreal Projects/FungusAbenteuer/Content/Characters/Mannequins/Textures/Quinn/T_Quinn_01ID_BN.uasset" 358
"C:/Unreal Projects/FungusAbenteuer/Content/Characters/Mannequins/Textures/Quinn/T_Quinn_01ID_BN.uexp" 359
"C:/Unreal Projects/FungusAbenteuer/Content/Characters/Mannequins/Textures/Quinn/T_Quinn_01ID_D.ubulk" 360
"C:/Unreal Projects/FungusAbenteuer/Content/Characters/Mannequins/Textures/Quinn/T_Quinn_01ID_D.uasset" 361
"C:/Unreal Projects/FungusAbenteuer/Content/Characters/Mannequins/Textures/Quinn/T_Quinn_01ID_D.uexp" 362
"C:/Unreal Projects/FungusAbenteuer/Content/Characters/Mannequins/Textures/Quinn/T_Quinn_01ID_Tan.ubulk" 363
"C:/Unreal Projects/FungusAbenteuer/Content/Characters/Mannequins/Textures/Quinn/T_Quinn_01ID_Tan.uasset" 364
"C:/Unreal Projects/FungusAbenteuer/Content/Characters/Mannequins/Textures/Quinn/T_Quinn_01ID_Tan.uexp" 365
"C:/Unreal Projects/FungusAbenteuer/Content/Characters/Mannequins/Textures/Quinn/T_Quinn_01_CCRCCPlastic_MSK.ubulk" 366
"C:/Unreal Projects/FungusAbenteuer/Content/Characters/Mannequins/Textures/Quinn/T_Quinn_01_CCRCCPlastic_MSK.uasset" 367
"C:/Unreal Projects/FungusAbenteuer/Content/Characters/Mannequins/Textures/Quinn/T_Quinn_01_CCRCCPlastic_MSK.uexp" 368
"C:/Unreal Projects/FungusAbenteuer/Content/Characters/Mannequins/Materials/Instances/Quinn/MI_Quinn_01.uasset" 369
"C:/Unreal Projects/FungusAbenteuer/Content/Characters/Mannequins/Materials/Instances/Quinn/MI_Quinn_01.uexp" 370
"C:/Unreal Projects/FungusAbenteuer/Content/Characters/Mannequins/Textures/Quinn/T_Quinn_02ID_N.ubulk" 371
"C:/Unreal Projects/FungusAbenteuer/Content/Characters/Mannequins/Textures/Quinn/T_Quinn_02ID_N.uasset" 372
"C:/Unreal Projects/FungusAbenteuer/Content/Characters/Mannequins/Textures/Quinn/T_Quinn_02ID_N.uexp" 373
"C:/Unreal Projects/FungusAbenteuer/Content/Characters/Mannequins/Materials/Instances/Quinn/MI_Quinn_02.uasset" 374
"C:/Unreal Projects/FungusAbenteuer/Content/Characters/Mannequins/Materials/Instances/Quinn/MI_Quinn_02.uexp" 375
"C:/Unreal Projects/FungusAbenteuer/Content/Characters/Mannequins/Rigs/PA_Mannequin.uasset" 376
"C:/Unreal Projects/FungusAbenteuer/Content/Characters/Mannequins/Rigs/PA_Mannequin.uexp" 377
"C:/Unreal Projects/FungusAbenteuer/Content/Characters/Mannequins/Meshes/SKM_Quinn_Simple.uasset" 378
"C:/Unreal Projects/FungusAbenteuer/Content/Characters/Mannequins/Meshes/SKM_Quinn_Simple.uexp" 379
"C:/Unreal Projects/FungusAbenteuer/Content/ThirdPerson/Input/Actions/IA_Jump.uasset" 380
"C:/Unreal Projects/FungusAbenteuer/Content/ThirdPerson/Input/Actions/IA_Jump.uexp" 381
"C:/Unreal Projects/FungusAbenteuer/Content/ThirdPerson/Input/Actions/IA_Look.uasset" 382
"C:/Unreal Projects/FungusAbenteuer/Content/ThirdPerson/Input/Actions/IA_Look.uexp" 383
"C:/Unreal Projects/FungusAbenteuer/Content/ThirdPerson/Input/Actions/IA_Move.uasset" 384
"C:/Unreal Projects/FungusAbenteuer/Content/ThirdPerson/Input/Actions/IA_Move.uexp" 385
"C:/Unreal Projects/FungusAbenteuer/Content/ThirdPerson/Input/IMC_Default.uasset" 386
"C:/Unreal Projects/FungusAbenteuer/Content/ThirdPerson/Input/IMC_Default.uexp" 387
"../../../Engine/Content/Animation/DefaultAnimCurveCompressionSettings.uasset" 388
"../../../Engine/Content/Animation/DefaultAnimCurveCompressionSettings.uexp" 389
"../../../Engine/Content/Animation/DefaultAnimBoneCompressionSettings.uasset" 390
"../../../Engine/Content/Animation/DefaultAnimBoneCompressionSettings.uexp" 391
"C:/Unreal Projects/FungusAbenteuer/Content/Characters/Mannequins/Animations/Quinn/MF_Run_Fwd.uasset" 392
"C:/Unreal Projects/FungusAbenteuer/Content/Characters/Mannequins/Animations/Quinn/MF_Run_Fwd.uexp" 393
"C:/Unreal Projects/FungusAbenteuer/Content/Characters/Mannequins/Animations/Quinn/MF_Walk_Fwd.uasset" 394
"C:/Unreal Projects/FungusAbenteuer/Content/Characters/Mannequins/Animations/Quinn/MF_Walk_Fwd.uexp" 395
"../../../Engine/Content/Animation/DefaultRecorderBoneCompression.uasset" 396
"../../../Engine/Content/Animation/DefaultRecorderBoneCompression.uexp" 397
"C:/Unreal Projects/FungusAbenteuer/Content/Characters/Mannequins/Animations/Manny/MM_Walk_InPlace.uasset" 398
"C:/Unreal Projects/FungusAbenteuer/Content/Characters/Mannequins/Animations/Manny/MM_Walk_InPlace.uexp" 399
"C:/Unreal Projects/FungusAbenteuer/Content/Characters/Mannequins/Animations/Quinn/BS_MF_Unarmed_WalkRun.uasset" 400
"C:/Unreal Projects/FungusAbenteuer/Content/Characters/Mannequins/Animations/Quinn/BS_MF_Unarmed_WalkRun.uexp" 401
"C:/Unreal Projects/FungusAbenteuer/Content/Characters/Mannequins/Animations/Quinn/MF_Idle.uasset" 402
"C:/Unreal Projects/FungusAbenteuer/Content/Characters/Mannequins/Animations/Quinn/MF_Idle.uexp" 403
"C:/Unreal Projects/FungusAbenteuer/Content/Characters/Mannequins/Animations/Manny/MM_Fall_Loop.uasset" 404
"C:/Unreal Projects/FungusAbenteuer/Content/Characters/Mannequins/Animations/Manny/MM_Fall_Loop.uexp" 405
"C:/Unreal Projects/FungusAbenteuer/Content/Characters/Mannequins/Animations/Manny/MM_Jump.uasset" 406
"C:/Unreal Projects/FungusAbenteuer/Content/Characters/Mannequins/Animations/Manny/MM_Jump.uexp" 407
"../../../Engine/Plugins/Animation/ControlRig/Content/Controls/DefaultGizmoLibrary.uasset" 408
"../../../Engine/Plugins/Animation/ControlRig/Content/Controls/DefaultGizmoLibrary.uexp" 409
"C:/Unreal Projects/FungusAbenteuer/Content/Characters/Mannequins/Rigs/CR_Mannequin_BasicFootIK.uasset" 410
"C:/Unreal Projects/FungusAbenteuer/Content/Characters/Mannequins/Rigs/CR_Mannequin_BasicFootIK.uexp" 411
"C:/Unreal Projects/FungusAbenteuer/Content/Characters/Mannequins/Animations/Manny/MM_Run_Fwd.uasset" 412
"C:/Unreal Projects/FungusAbenteuer/Content/Characters/Mannequins/Animations/Manny/MM_Run_Fwd.uexp" 413
"C:/Unreal Projects/FungusAbenteuer/Content/Characters/Mannequins/Animations/Manny/MM_Walk_Fwd.uasset" 414
"C:/Unreal Projects/FungusAbenteuer/Content/Characters/Mannequins/Animations/Manny/MM_Walk_Fwd.uexp" 415
"C:/Unreal Projects/FungusAbenteuer/Content/Characters/Mannequins/Animations/Manny/BS_MM_WalkRun.uasset" 416
"C:/Unreal Projects/FungusAbenteuer/Content/Characters/Mannequins/Animations/Manny/BS_MM_WalkRun.uexp" 417
"C:/Unreal Projects/FungusAbenteuer/Content/Characters/Mannequins/Animations/Manny/MM_Land.uasset" 418
"C:/Unreal Projects/FungusAbenteuer/Content/Characters/Mannequins/Animations/Manny/MM_Land.uexp" 419
"C:/Unreal Projects/FungusAbenteuer/Content/Characters/Mannequins/Animations/Manny/MM_Idle.uasset" 420
"C:/Unreal Projects/FungusAbenteuer/Content/Characters/Mannequins/Animations/Manny/MM_Idle.uexp" 421
"C:/Unreal Projects/FungusAbenteuer/Content/Characters/Mannequins/Animations/ABP_Manny.uasset" 422
"C:/Unreal Projects/FungusAbenteuer/Content/Characters/Mannequins/Animations/ABP_Manny.uexp" 423
"C:/Unreal Projects/FungusAbenteuer/Content/Characters/Mannequins/Animations/ABP_Quinn.uasset" 424
"C:/Unreal Projects/FungusAbenteuer/Content/Characters/Mannequins/Animations/ABP_Quinn.uexp" 425
"../../../Engine/Content/BasicShapes/BasicShapeMaterial.uasset" 426
"../../../Engine/Content/BasicShapes/BasicShapeMaterial.uexp" 427
"../../../Engine/Content/EditorBlueprintResources/StandardMacros.uasset" 428
"../../../Engine/Content/EditorBlueprintResources/StandardMacros.uexp" 429
"C:/Unreal Projects/FungusAbenteuer/Content/ThirdPerson/Blueprints/BP_ThirdPersonCharacter.uasset" 430
"C:/Unreal Projects/FungusAbenteuer/Content/ThirdPerson/Blueprints/BP_ThirdPersonCharacter.uexp" 431
"C:/Unreal Projects/FungusAbenteuer/Content/ThirdPerson/Blueprints/BP_ThirdPersonGameMode.uasset" 432
"C:/Unreal Projects/FungusAbenteuer/Content/ThirdPerson/Blueprints/BP_ThirdPersonGameMode.uexp" 433
"../../../Engine/Content/EngineResources/FilmGrains/Marcie_Grain_v3_128_M2_000.uasset" 434
"../../../Engine/Content/EngineResources/FilmGrains/Marcie_Grain_v3_128_M2_000.uexp" 435
"../../../Engine/Content/EngineSky/VolumetricClouds/CloudWeatherTexture.uasset" 436
"../../../Engine/Content/EngineSky/VolumetricClouds/CloudWeatherTexture.uexp" 437
"../../../Engine/Content/Functions/Engine_MaterialFunctions02/Utility/MakeFloat2.uasset" 438
"../../../Engine/Content/Functions/Engine_MaterialFunctions02/Utility/MakeFloat2.uexp" 439
"../../../Engine/Content/EngineSky/VolumetricClouds/CloudGradientTexture.uasset" 440
"../../../Engine/Content/EngineSky/VolumetricClouds/CloudGradientTexture.uexp" 441
"../../../Engine/Content/EngineSky/VolumetricClouds/T_NoiseShape64.ubulk" 442
"../../../Engine/Content/EngineSky/VolumetricClouds/T_NoiseShape64.uasset" 443
"../../../Engine/Content/EngineSky/VolumetricClouds/T_NoiseShape64.uexp" 444
"../../../Engine/Content/EngineSky/VolumetricClouds/T_VolumeNoiseShape64.uasset" 445
"../../../Engine/Content/EngineSky/VolumetricClouds/T_VolumeNoiseShape64.uexp" 446
"../../../Engine/Content/EngineSky/VolumetricClouds/T_NoiseErosion.ubulk" 447
"../../../Engine/Content/EngineSky/VolumetricClouds/T_NoiseErosion.uasset" 448
"../../../Engine/Content/EngineSky/VolumetricClouds/T_NoiseErosion.uexp" 449
"../../../Engine/Content/EngineSky/VolumetricClouds/T_VolumeNoiseErosion32.uasset" 450
"../../../Engine/Content/EngineSky/VolumetricClouds/T_VolumeNoiseErosion32.uexp" 451
"../../../Engine/Content/EngineSky/VolumetricClouds/m_SimpleVolumetricCloud.uasset" 452
"../../../Engine/Content/EngineSky/VolumetricClouds/m_SimpleVolumetricCloud.uexp" 453
"../../../Engine/Content/EngineSky/VolumetricClouds/m_SimpleVolumetricCloud_Inst.uasset" 454
"../../../Engine/Content/EngineSky/VolumetricClouds/m_SimpleVolumetricCloud_Inst.uexp" 455
"../../../Engine/Content/EngineSounds/Master.uasset" 456
"../../../Engine/Content/EngineSounds/Master.uexp" 457
"../../../Engine/Content/Functions/Engine_MaterialFunctions01/Shading/PowerToRoughness.uasset" 458
"../../../Engine/Content/Functions/Engine_MaterialFunctions01/Shading/PowerToRoughness.uexp" 459
"../../../Engine/Content/MobileResources/HUD/VirtualJoystick_Background.uasset" 460
"../../../Engine/Content/MobileResources/HUD/VirtualJoystick_Background.uexp" 461
"../../../Engine/Content/MobileResources/HUD/VirtualJoystick_Thumb.uasset" 462
"../../../Engine/Content/MobileResources/HUD/VirtualJoystick_Thumb.uexp" 463
"../../../Engine/Content/MobileResources/HUD/DefaultVirtualJoysticks.uasset" 464
"../../../Engine/Content/MobileResources/HUD/DefaultVirtualJoysticks.uexp" 465
"../../../Engine/Plugins/2D/Paper2D/Content/PlaceholderTextures/DummySpriteTexture.ubulk" 466
"../../../Engine/Plugins/2D/Paper2D/Content/PlaceholderTextures/DummySpriteTexture.uasset" 467
"../../../Engine/Plugins/2D/Paper2D/Content/PlaceholderTextures/DummySpriteTexture.uexp" 468
"../../../Engine/Plugins/2D/Paper2D/Content/DefaultSpriteMaterial.uasset" 469
"../../../Engine/Plugins/2D/Paper2D/Content/DefaultSpriteMaterial.uexp" 470
"../../../Engine/Plugins/2D/Paper2D/Content/OpaqueUnlitSpriteMaterial.uasset" 471
"../../../Engine/Plugins/2D/Paper2D/Content/OpaqueUnlitSpriteMaterial.uexp" 472
"../../../Engine/Plugins/2D/Paper2D/Content/MaskedUnlitSpriteMaterial.uasset" 473
"../../../Engine/Plugins/2D/Paper2D/Content/MaskedUnlitSpriteMaterial.uexp" 474
"../../../Engine/Plugins/2D/Paper2D/Content/DummySprite.uasset" 475
"../../../Engine/Plugins/2D/Paper2D/Content/DummySprite.uexp" 476
"../../../Engine/Plugins/2D/Paper2D/Content/DefaultPaperTerrainMaterial.uasset" 477
"../../../Engine/Plugins/2D/Paper2D/Content/DefaultPaperTerrainMaterial.uexp" 478
"../../../Engine/Plugins/Animation/ControlRig/Content/M_Manip.uasset" 479
"../../../Engine/Plugins/Animation/ControlRig/Content/M_Manip.uexp" 480
"../../../Engine/Plugins/Animation/ControlRig/Content/Controls/DefaultGizmoLibraryNormalized.uasset" 481
"../../../Engine/Plugins/Animation/ControlRig/Content/Controls/DefaultGizmoLibraryNormalized.uexp" 482
"../../../Engine/Plugins/Animation/ControlRig/Content/Controls/ControlRig_Wedge_solid.ubulk" 483
"../../../Engine/Plugins/Animation/ControlRig/Content/Controls/ControlRig_Wedge_solid.uasset" 484
"../../../Engine/Plugins/Animation/ControlRig/Content/Controls/ControlRig_Wedge_solid.uexp" 485
"../../../Engine/Plugins/Animation/ControlRig/Content/Controls/ControlRig_Wedge_3mm.ubulk" 486
"../../../Engine/Plugins/Animation/ControlRig/Content/Controls/ControlRig_Wedge_3mm.uasset" 487
"../../../Engine/Plugins/Animation/ControlRig/Content/Controls/ControlRig_Wedge_3mm.uexp" 488
"../../../Engine/Plugins/Animation/ControlRig/Content/Controls/ControlRig_Wedge_1mm.ubulk" 489
"../../../Engine/Plugins/Animation/ControlRig/Content/Controls/ControlRig_Wedge_1mm.uasset" 490
"../../../Engine/Plugins/Animation/ControlRig/Content/Controls/ControlRig_Wedge_1mm.uexp" 491
"../../../Engine/Plugins/Animation/ControlRig/Content/Controls/ControlRig_Triangle_solid.ubulk" 492
"../../../Engine/Plugins/Animation/ControlRig/Content/Controls/ControlRig_Triangle_solid.uasset" 493
"../../../Engine/Plugins/Animation/ControlRig/Content/Controls/ControlRig_Triangle_solid.uexp" 494
"../../../Engine/Plugins/Animation/ControlRig/Content/Controls/ControlRig_Triangle_3mm.ubulk" 495
"../../../Engine/Plugins/Animation/ControlRig/Content/Controls/ControlRig_Triangle_3mm.uasset" 496
"../../../Engine/Plugins/Animation/ControlRig/Content/Controls/ControlRig_Triangle_3mm.uexp" 497
"../../../Engine/Plugins/Animation/ControlRig/Content/Controls/ControlRig_Triangle_1mm.ubulk" 498
"../../../Engine/Plugins/Animation/ControlRig/Content/Controls/ControlRig_Triangle_1mm.uasset" 499
"../../../Engine/Plugins/Animation/ControlRig/Content/Controls/ControlRig_Triangle_1mm.uexp" 500
"../../../Engine/Plugins/Animation/ControlRig/Content/Controls/ControlRig_Star4_solid.ubulk" 501
"../../../Engine/Plugins/Animation/ControlRig/Content/Controls/ControlRig_Star4_solid.uasset" 502
"../../../Engine/Plugins/Animation/ControlRig/Content/Controls/ControlRig_Star4_solid.uexp" 503
"../../../Engine/Plugins/Animation/ControlRig/Content/Controls/ControlRig_Star4_3mm.ubulk" 504
"../../../Engine/Plugins/Animation/ControlRig/Content/Controls/ControlRig_Star4_3mm.uasset" 505
"../../../Engine/Plugins/Animation/ControlRig/Content/Controls/ControlRig_Star4_3mm.uexp" 506
"../../../Engine/Plugins/Animation/ControlRig/Content/Controls/ControlRig_Star4_1mm.ubulk" 507
"../../../Engine/Plugins/Animation/ControlRig/Content/Controls/ControlRig_Star4_1mm.uasset" 508
"../../../Engine/Plugins/Animation/ControlRig/Content/Controls/ControlRig_Star4_1mm.uexp" 509
"../../../Engine/Plugins/Animation/ControlRig/Content/Controls/ControlRig_Square_solid.ubulk" 510
"../../../Engine/Plugins/Animation/ControlRig/Content/Controls/ControlRig_Square_solid.uasset" 511
"../../../Engine/Plugins/Animation/ControlRig/Content/Controls/ControlRig_Square_solid.uexp" 512
"../../../Engine/Plugins/Animation/ControlRig/Content/Controls/ControlRig_Square_3mm.ubulk" 513
"../../../Engine/Plugins/Animation/ControlRig/Content/Controls/ControlRig_Square_3mm.uasset" 514
"../../../Engine/Plugins/Animation/ControlRig/Content/Controls/ControlRig_Square_3mm.uexp" 515
"../../../Engine/Plugins/Animation/ControlRig/Content/Controls/ControlRig_Square_1mm.ubulk" 516
"../../../Engine/Plugins/Animation/ControlRig/Content/Controls/ControlRig_Square_1mm.uasset" 517
"../../../Engine/Plugins/Animation/ControlRig/Content/Controls/ControlRig_Square_1mm.uexp" 518
"../../../Engine/Plugins/Animation/ControlRig/Content/Controls/ControlRig_Sphere_solid.ubulk" 519
"../../../Engine/Plugins/Animation/ControlRig/Content/Controls/ControlRig_Sphere_solid.uasset" 520
"../../../Engine/Plugins/Animation/ControlRig/Content/Controls/ControlRig_Sphere_solid.uexp" 521
"../../../Engine/Plugins/Animation/ControlRig/Content/Controls/ControlRig_Sphere_3mm.ubulk" 522
"../../../Engine/Plugins/Animation/ControlRig/Content/Controls/ControlRig_Sphere_3mm.uasset" 523
"../../../Engine/Plugins/Animation/ControlRig/Content/Controls/ControlRig_Sphere_3mm.uexp" 524
"../../../Engine/Plugins/Animation/ControlRig/Content/Controls/ControlRig_Sphere_1mm.ubulk" 525
"../../../Engine/Plugins/Animation/ControlRig/Content/Controls/ControlRig_Sphere_1mm.uasset" 526
"../../../Engine/Plugins/Animation/ControlRig/Content/Controls/ControlRig_Sphere_1mm.uexp" 527
"../../../Engine/Plugins/Animation/ControlRig/Content/Controls/ControlRig_RoundedTriangle_solid.ubulk" 528
"../../../Engine/Plugins/Animation/ControlRig/Content/Controls/ControlRig_RoundedTriangle_solid.uasset" 529
"../../../Engine/Plugins/Animation/ControlRig/Content/Controls/ControlRig_RoundedTriangle_solid.uexp" 530
"../../../Engine/Plugins/Animation/ControlRig/Content/Controls/ControlRig_RoundedTriangle_3mm.ubulk" 531
"../../../Engine/Plugins/Animation/ControlRig/Content/Controls/ControlRig_RoundedTriangle_3mm.uasset" 532
"../../../Engine/Plugins/Animation/ControlRig/Content/Controls/ControlRig_RoundedTriangle_3mm.uexp" 533
"../../../Engine/Plugins/Animation/ControlRig/Content/Controls/ControlRig_RoundedTriangle_1mm.ubulk" 534
"../../../Engine/Plugins/Animation/ControlRig/Content/Controls/ControlRig_RoundedTriangle_1mm.uasset" 535
"../../../Engine/Plugins/Animation/ControlRig/Content/Controls/ControlRig_RoundedTriangle_1mm.uexp" 536
"../../../Engine/Plugins/Animation/ControlRig/Content/Controls/ControlRig_RoundedSquare_solid.ubulk" 537
"../../../Engine/Plugins/Animation/ControlRig/Content/Controls/ControlRig_RoundedSquare_solid.uasset" 538
"../../../Engine/Plugins/Animation/ControlRig/Content/Controls/ControlRig_RoundedSquare_solid.uexp" 539
"../../../Engine/Plugins/Animation/ControlRig/Content/Controls/ControlRig_RoundedSquare_3mm.ubulk" 540
"../../../Engine/Plugins/Animation/ControlRig/Content/Controls/ControlRig_RoundedSquare_3mm.uasset" 541
"../../../Engine/Plugins/Animation/ControlRig/Content/Controls/ControlRig_RoundedSquare_3mm.uexp" 542
"../../../Engine/Plugins/Animation/ControlRig/Content/Controls/ControlRig_RoundedSquare_1mm.ubulk" 543
"../../../Engine/Plugins/Animation/ControlRig/Content/Controls/ControlRig_RoundedSquare_1mm.uasset" 544
"../../../Engine/Plugins/Animation/ControlRig/Content/Controls/ControlRig_RoundedSquare_1mm.uexp" 545
"../../../Engine/Plugins/Animation/ControlRig/Content/Controls/ControlRig_QuarterCircle_solid.ubulk" 546
"../../../Engine/Plugins/Animation/ControlRig/Content/Controls/ControlRig_QuarterCircle_solid.uasset" 547
"../../../Engine/Plugins/Animation/ControlRig/Content/Controls/ControlRig_QuarterCircle_solid.uexp" 548
"../../../Engine/Plugins/Animation/ControlRig/Content/Controls/ControlRig_QuarterCircle_3mm.ubulk" 549
"../../../Engine/Plugins/Animation/ControlRig/Content/Controls/ControlRig_QuarterCircle_3mm.uasset" 550
"../../../Engine/Plugins/Animation/ControlRig/Content/Controls/ControlRig_QuarterCircle_3mm.uexp" 551
"../../../Engine/Plugins/Animation/ControlRig/Content/Controls/ControlRig_QuarterCircle_1mm.ubulk" 552
"../../../Engine/Plugins/Animation/ControlRig/Content/Controls/ControlRig_QuarterCircle_1mm.uasset" 553
"../../../Engine/Plugins/Animation/ControlRig/Content/Controls/ControlRig_QuarterCircle_1mm.uexp" 554
"../../../Engine/Plugins/Animation/ControlRig/Content/Controls/ControlRig_Pyramid_solid.ubulk" 555
"../../../Engine/Plugins/Animation/ControlRig/Content/Controls/ControlRig_Pyramid_solid.uasset" 556
"../../../Engine/Plugins/Animation/ControlRig/Content/Controls/ControlRig_Pyramid_solid.uexp" 557
"../../../Engine/Plugins/Animation/ControlRig/Content/Controls/ControlRig_Pyramid_3mm.ubulk" 558
"../../../Engine/Plugins/Animation/ControlRig/Content/Controls/ControlRig_Pyramid_3mm.uasset" 559
"../../../Engine/Plugins/Animation/ControlRig/Content/Controls/ControlRig_Pyramid_3mm.uexp" 560
"../../../Engine/Plugins/Animation/ControlRig/Content/Controls/ControlRig_Pyramid_1mm.ubulk" 561
"../../../Engine/Plugins/Animation/ControlRig/Content/Controls/ControlRig_Pyramid_1mm.uasset" 562
"../../../Engine/Plugins/Animation/ControlRig/Content/Controls/ControlRig_Pyramid_1mm.uexp" 563
"../../../Engine/Plugins/Animation/ControlRig/Content/Controls/ControlRig_Octagon_solid.ubulk" 564
"../../../Engine/Plugins/Animation/ControlRig/Content/Controls/ControlRig_Octagon_solid.uasset" 565
"../../../Engine/Plugins/Animation/ControlRig/Content/Controls/ControlRig_Octagon_solid.uexp" 566
"../../../Engine/Plugins/Animation/ControlRig/Content/Controls/ControlRig_Octagon_3mm.ubulk" 567
"../../../Engine/Plugins/Animation/ControlRig/Content/Controls/ControlRig_Octagon_3mm.uasset" 568
"../../../Engine/Plugins/Animation/ControlRig/Content/Controls/ControlRig_Octagon_3mm.uexp" 569
"../../../Engine/Plugins/Animation/ControlRig/Content/Controls/ControlRig_Octagon_1mm.ubulk" 570
"../../../Engine/Plugins/Animation/ControlRig/Content/Controls/ControlRig_Octagon_1mm.uasset" 571
"../../../Engine/Plugins/Animation/ControlRig/Content/Controls/ControlRig_Octagon_1mm.uexp" 572
"../../../Engine/Plugins/Animation/ControlRig/Content/Controls/ControlRig_Hexagon_solid.ubulk" 573
"../../../Engine/Plugins/Animation/ControlRig/Content/Controls/ControlRig_Hexagon_solid.uasset" 574
"../../../Engine/Plugins/Animation/ControlRig/Content/Controls/ControlRig_Hexagon_solid.uexp" 575
"../../../Engine/Plugins/Animation/ControlRig/Content/Controls/ControlRig_Hexagon_3mm.ubulk" 576
"../../../Engine/Plugins/Animation/ControlRig/Content/Controls/ControlRig_Hexagon_3mm.uasset" 577
"../../../Engine/Plugins/Animation/ControlRig/Content/Controls/ControlRig_Hexagon_3mm.uexp" 578
"../../../Engine/Plugins/Animation/ControlRig/Content/Controls/ControlRig_Hexagon_1mm.ubulk" 579
"../../../Engine/Plugins/Animation/ControlRig/Content/Controls/ControlRig_Hexagon_1mm.uasset" 580
"../../../Engine/Plugins/Animation/ControlRig/Content/Controls/ControlRig_Hexagon_1mm.uexp" 581
"../../../Engine/Plugins/Animation/ControlRig/Content/Controls/ControlRig_HalfCircle_solid.ubulk" 582
"../../../Engine/Plugins/Animation/ControlRig/Content/Controls/ControlRig_HalfCircle_solid.uasset" 583
"../../../Engine/Plugins/Animation/ControlRig/Content/Controls/ControlRig_HalfCircle_solid.uexp" 584
"../../../Engine/Plugins/Animation/ControlRig/Content/Controls/ControlRig_HalfCircle_3mm.ubulk" 585
"../../../Engine/Plugins/Animation/ControlRig/Content/Controls/ControlRig_HalfCircle_3mm.uasset" 586
"../../../Engine/Plugins/Animation/ControlRig/Content/Controls/ControlRig_HalfCircle_3mm.uexp" 587
"../../../Engine/Plugins/Animation/ControlRig/Content/Controls/ControlRig_HalfCircle_1mm.ubulk" 588
"../../../Engine/Plugins/Animation/ControlRig/Content/Controls/ControlRig_HalfCircle_1mm.uasset" 589
"../../../Engine/Plugins/Animation/ControlRig/Content/Controls/ControlRig_HalfCircle_1mm.uexp" 590
"../../../Engine/Plugins/Animation/ControlRig/Content/Controls/ControlRig_Diamond_solid.ubulk" 591
"../../../Engine/Plugins/Animation/ControlRig/Content/Controls/ControlRig_Diamond_solid.uasset" 592
"../../../Engine/Plugins/Animation/ControlRig/Content/Controls/ControlRig_Diamond_solid.uexp" 593
"../../../Engine/Plugins/Animation/ControlRig/Content/Controls/ControlRig_Diamond_3mm.ubulk" 594
"../../../Engine/Plugins/Animation/ControlRig/Content/Controls/ControlRig_Diamond_3mm.uasset" 595
"../../../Engine/Plugins/Animation/ControlRig/Content/Controls/ControlRig_Diamond_3mm.uexp" 596
"../../../Engine/Plugins/Animation/ControlRig/Content/Controls/ControlRig_Diamond_1mm.ubulk" 597
"../../../Engine/Plugins/Animation/ControlRig/Content/Controls/ControlRig_Diamond_1mm.uasset" 598
"../../../Engine/Plugins/Animation/ControlRig/Content/Controls/ControlRig_Diamond_1mm.uexp" 599
"../../../Engine/Plugins/Animation/ControlRig/Content/Controls/ControlRig_Circle_solid.ubulk" 600
"../../../Engine/Plugins/Animation/ControlRig/Content/Controls/ControlRig_Circle_solid.uasset" 601
"../../../Engine/Plugins/Animation/ControlRig/Content/Controls/ControlRig_Circle_solid.uexp" 602
"../../../Engine/Plugins/Animation/ControlRig/Content/Controls/ControlRig_Circle_3mm.ubulk" 603
"../../../Engine/Plugins/Animation/ControlRig/Content/Controls/ControlRig_Circle_3mm.uasset" 604
"../../../Engine/Plugins/Animation/ControlRig/Content/Controls/ControlRig_Circle_3mm.uexp" 605
"../../../Engine/Plugins/Animation/ControlRig/Content/Controls/ControlRig_Circle_1mm.ubulk" 606
"../../../Engine/Plugins/Animation/ControlRig/Content/Controls/ControlRig_Circle_1mm.uasset" 607
"../../../Engine/Plugins/Animation/ControlRig/Content/Controls/ControlRig_Circle_1mm.uexp" 608
"../../../Engine/Plugins/Animation/ControlRig/Content/Controls/ControlRig_Box_solid.ubulk" 609
"../../../Engine/Plugins/Animation/ControlRig/Content/Controls/ControlRig_Box_solid.uasset" 610
"../../../Engine/Plugins/Animation/ControlRig/Content/Controls/ControlRig_Box_solid.uexp" 611
"../../../Engine/Plugins/Animation/ControlRig/Content/Controls/ControlRig_Box_3mm.ubulk" 612
"../../../Engine/Plugins/Animation/ControlRig/Content/Controls/ControlRig_Box_3mm.uasset" 613
"../../../Engine/Plugins/Animation/ControlRig/Content/Controls/ControlRig_Box_3mm.uexp" 614
"../../../Engine/Plugins/Animation/ControlRig/Content/Controls/ControlRig_Box_1mm.ubulk" 615
"../../../Engine/Plugins/Animation/ControlRig/Content/Controls/ControlRig_Box_1mm.uasset" 616
"../../../Engine/Plugins/Animation/ControlRig/Content/Controls/ControlRig_Box_1mm.uexp" 617
"../../../Engine/Plugins/Animation/ControlRig/Content/Controls/ControlRig_Arrow_solid.ubulk" 618
"../../../Engine/Plugins/Animation/ControlRig/Content/Controls/ControlRig_Arrow_solid.uasset" 619
"../../../Engine/Plugins/Animation/ControlRig/Content/Controls/ControlRig_Arrow_solid.uexp" 620
"../../../Engine/Plugins/Animation/ControlRig/Content/Controls/ControlRig_Arrow_3mm.ubulk" 621
"../../../Engine/Plugins/Animation/ControlRig/Content/Controls/ControlRig_Arrow_3mm.uasset" 622
"../../../Engine/Plugins/Animation/ControlRig/Content/Controls/ControlRig_Arrow_3mm.uexp" 623
"../../../Engine/Plugins/Animation/ControlRig/Content/Controls/ControlRig_Arrow_1mm.ubulk" 624
"../../../Engine/Plugins/Animation/ControlRig/Content/Controls/ControlRig_Arrow_1mm.uasset" 625
"../../../Engine/Plugins/Animation/ControlRig/Content/Controls/ControlRig_Arrow_1mm.uexp" 626
"../../../Engine/Plugins/Animation/ControlRig/Content/Controls/ControlRig_Arrow4_solid.ubulk" 627
"../../../Engine/Plugins/Animation/ControlRig/Content/Controls/ControlRig_Arrow4_solid.uasset" 628
"../../../Engine/Plugins/Animation/ControlRig/Content/Controls/ControlRig_Arrow4_solid.uexp" 629
"../../../Engine/Plugins/Animation/ControlRig/Content/Controls/ControlRig_Arrow4_3mm.ubulk" 630
"../../../Engine/Plugins/Animation/ControlRig/Content/Controls/ControlRig_Arrow4_3mm.uasset" 631
"../../../Engine/Plugins/Animation/ControlRig/Content/Controls/ControlRig_Arrow4_3mm.uexp" 632
"../../../Engine/Plugins/Animation/ControlRig/Content/Controls/ControlRig_Arrow4_1mm.ubulk" 633
"../../../Engine/Plugins/Animation/ControlRig/Content/Controls/ControlRig_Arrow4_1mm.uasset" 634
"../../../Engine/Plugins/Animation/ControlRig/Content/Controls/ControlRig_Arrow4_1mm.uexp" 635
"../../../Engine/Plugins/Animation/ControlRig/Content/Controls/ControlRig_Arrow2_solid.ubulk" 636
"../../../Engine/Plugins/Animation/ControlRig/Content/Controls/ControlRig_Arrow2_solid.uasset" 637
"../../../Engine/Plugins/Animation/ControlRig/Content/Controls/ControlRig_Arrow2_solid.uexp" 638
"../../../Engine/Plugins/Animation/ControlRig/Content/Controls/ControlRig_Arrow2_3mm.ubulk" 639
"../../../Engine/Plugins/Animation/ControlRig/Content/Controls/ControlRig_Arrow2_3mm.uasset" 640
"../../../Engine/Plugins/Animation/ControlRig/Content/Controls/ControlRig_Arrow2_3mm.uexp" 641
"../../../Engine/Plugins/Animation/ControlRig/Content/Controls/ControlRig_Arrow2_1mm.ubulk" 642
"../../../Engine/Plugins/Animation/ControlRig/Content/Controls/ControlRig_Arrow2_1mm.uasset" 643
"../../../Engine/Plugins/Animation/ControlRig/Content/Controls/ControlRig_Arrow2_1mm.uexp" 644
"../../../Engine/Plugins/Animation/ControlRig/Content/Controls/ControlRigXRayMaterial.uasset" 645
"../../../Engine/Plugins/Animation/ControlRig/Content/Controls/ControlRigXRayMaterial.uexp" 646
"../../../Engine/Plugins/Animation/ControlRig/Content/Controls/ControlRigGizmoMaterial.uasset" 647
"../../../Engine/Plugins/Animation/ControlRig/Content/Controls/ControlRigGizmoMaterial.uexp" 648
"../../../Engine/Plugins/Editor/SpeedTreeImporter/Content/SpeedTree9/game_wind_noise.ubulk" 649
"../../../Engine/Plugins/Editor/SpeedTreeImporter/Content/SpeedTree9/game_wind_noise.uasset" 650
"../../../Engine/Plugins/Editor/SpeedTreeImporter/Content/SpeedTree9/game_wind_noise.uexp" 651
"../../../Engine/Plugins/Editor/SpeedTreeImporter/Content/SpeedTree9/UnpackDirection.uasset" 652
"../../../Engine/Plugins/Editor/SpeedTreeImporter/Content/SpeedTree9/UnpackDirection.uexp" 653
"../../../Engine/Content/Functions/Engine_MaterialFunctions02/ObjectLocalBounds.uasset" 654
"../../../Engine/Content/Functions/Engine_MaterialFunctions02/ObjectLocalBounds.uexp" 655
"../../../Engine/Content/Functions/Engine_MaterialFunctions02/UVs/BoundingBoxBased_0-1_UVW.uasset" 656
"../../../Engine/Content/Functions/Engine_MaterialFunctions02/UVs/BoundingBoxBased_0-1_UVW.uexp" 657
"../../../Engine/Content/Functions/Engine_MaterialFunctions02/Utility/VectorLength.uasset" 658
"../../../Engine/Content/Functions/Engine_MaterialFunctions02/Utility/VectorLength.uexp" 659
"../../../Engine/Plugins/Editor/SpeedTreeImporter/Content/SpeedTree9/UnpackInteger3.uasset" 660
"../../../Engine/Plugins/Editor/SpeedTreeImporter/Content/SpeedTree9/UnpackInteger3.uexp" 661
"../../../Engine/Plugins/Editor/SpeedTreeImporter/Content/SpeedTree9/SpeedTreeCameraFacing.uasset" 662
"../../../Engine/Plugins/Editor/SpeedTreeImporter/Content/SpeedTree9/SpeedTreeCameraFacing.uexp" 663
"../../../Engine/Content/Functions/Engine_MaterialFunctions02/WorldPositionOffset/ObjectScale.uasset" 664
"../../../Engine/Content/Functions/Engine_MaterialFunctions02/WorldPositionOffset/ObjectScale.uexp" 665
"../../../Engine/Content/Functions/Engine_MaterialFunctions02/SafeNormalize.uasset" 666
"../../../Engine/Content/Functions/Engine_MaterialFunctions02/SafeNormalize.uexp" 667
"../../../Engine/Plugins/Editor/SpeedTreeImporter/Content/SpeedTree9/SpeedTreeWindMotion.uasset" 668
"../../../Engine/Plugins/Editor/SpeedTreeImporter/Content/SpeedTree9/SpeedTreeWindMotion.uexp" 669
"../../../Engine/Plugins/Editor/SpeedTreeImporter/Content/SpeedTree9/SpeedTreeBranchMotion.uasset" 670
"../../../Engine/Plugins/Editor/SpeedTreeImporter/Content/SpeedTree9/SpeedTreeBranchMotion.uexp" 671
"../../../Engine/Plugins/Editor/SpeedTreeImporter/Content/SpeedTree9/SpeedTreeWind.uasset" 672
"../../../Engine/Plugins/Editor/SpeedTreeImporter/Content/SpeedTree9/SpeedTreeWind.uexp" 673
"../../../Engine/Plugins/Editor/SpeedTreeImporter/Content/SpeedTree9/EmptyNormal.uasset" 674
"../../../Engine/Plugins/Editor/SpeedTreeImporter/Content/SpeedTree9/EmptyNormal.uexp" 675
"../../../Engine/Plugins/Editor/SpeedTreeImporter/Content/SpeedTree9/Empty.uasset" 676
"../../../Engine/Plugins/Editor/SpeedTreeImporter/Content/SpeedTree9/Empty.uexp" 677
"../../../Engine/Plugins/Editor/SpeedTreeImporter/Content/SpeedTree9/SpeedTreeMaster.uasset" 678
"../../../Engine/Plugins/Editor/SpeedTreeImporter/Content/SpeedTree9/SpeedTreeMaster.uexp" 679
"../../../Engine/Plugins/Editor/SpeedTreeImporter/Content/SpeedTree9/SpeedTreeBillboard.uasset" 680
"../../../Engine/Plugins/Editor/SpeedTreeImporter/Content/SpeedTree9/SpeedTreeBillboard.uexp" 681
"../../../Engine/Plugins/Editor/SpeedTreeImporter/Content/SpeedTree9/SpeedTreeBillboardMaster.uasset" 682
"../../../Engine/Plugins/Editor/SpeedTreeImporter/Content/SpeedTree9/SpeedTreeBillboardMaster.uexp" 683
"../../../Engine/Content/Functions/Engine_MaterialFunctions02/Texturing/CustomRotator.uasset" 684
"../../../Engine/Content/Functions/Engine_MaterialFunctions02/Texturing/CustomRotator.uexp" 685
"../../../Engine/Content/Functions/Engine_MaterialFunctions02/Texturing/ScreenAlignedPixelToPixelUVs.uasset" 686
"../../../Engine/Content/Functions/Engine_MaterialFunctions02/Texturing/ScreenAlignedPixelToPixelUVs.uexp" 687
"../../../Engine/Plugins/Interchange/Runtime/Content/Utilities/T_Bayer64_Grayscale_64px.uasset" 688
"../../../Engine/Plugins/Interchange/Runtime/Content/Utilities/T_Bayer64_Grayscale_64px.uexp" 689
"../../../Engine/Plugins/Interchange/Runtime/Content/gltf/MaterialFunctions/MF_Temporal_Blur.uasset" 690
"../../../Engine/Plugins/Interchange/Runtime/Content/gltf/MaterialFunctions/MF_Temporal_Blur.uexp" 691
"../../../Engine/Plugins/Interchange/Runtime/Content/gltf/MaterialFunctions/MF_Fresnel_DS.uasset" 692
"../../../Engine/Plugins/Interchange/Runtime/Content/gltf/MaterialFunctions/MF_Fresnel_DS.uexp" 693
"../../../Engine/Plugins/Interchange/Runtime/Content/Functions/MX_Transmission.uasset" 694
"../../../Engine/Plugins/Interchange/Runtime/Content/Functions/MX_Transmission.uexp" 695
"../../../Engine/Plugins/Interchange/Runtime/Content/Functions/MF_OrenNayerView.uasset" 696
"../../../Engine/Plugins/Interchange/Runtime/Content/Functions/MF_OrenNayerView.uexp" 697
"../../../Engine/Plugins/Interchange/Runtime/Content/Functions/MF_SchlickApprox.uasset" 698
"../../../Engine/Plugins/Interchange/Runtime/Content/Functions/MF_SchlickApprox.uexp" 699
"../../../Engine/Plugins/Interchange/Runtime/Content/Utilities/New_LUT.uasset" 700
"../../../Engine/Plugins/Interchange/Runtime/Content/Utilities/New_LUT.uexp" 701
"../../../Engine/Content/Functions/Engine_MaterialFunctions03/Math/RemapValueRange.uasset" 702
"../../../Engine/Content/Functions/Engine_MaterialFunctions03/Math/RemapValueRange.uexp" 703
"../../../Engine/Plugins/Interchange/Runtime/Content/Functions/MF_Iridescence.uasset" 704
"../../../Engine/Plugins/Interchange/Runtime/Content/Functions/MF_Iridescence.uexp" 705
"../../../Engine/Plugins/Interchange/Runtime/Content/Functions/MX_StandardSurface.uasset" 706
"../../../Engine/Plugins/Interchange/Runtime/Content/Functions/MX_StandardSurface.uexp" 707
"../../../Engine/Plugins/Interchange/Runtime/Content/Functions/MX_TransmissionSurface.uasset" 708
"../../../Engine/Plugins/Interchange/Runtime/Content/Functions/MX_TransmissionSurface.uexp" 709
"../../../Engine/Content/Functions/Engine_MaterialFunctions02/Math/AddComponents.uasset" 710
"../../../Engine/Content/Functions/Engine_MaterialFunctions02/Math/AddComponents.uexp" 711
"../../../Engine/Content/Functions/Engine_MaterialFunctions02/WorldPositionOffset/V2/ObjectScale.uasset" 712
"../../../Engine/Content/Functions/Engine_MaterialFunctions02/WorldPositionOffset/V2/ObjectScale.uexp" 713
"../../../Engine/Plugins/Interchange/Runtime/Content/gltf/MaterialFunctions/MF_TransmissionOpacity.uasset" 714
"../../../Engine/Plugins/Interchange/Runtime/Content/gltf/MaterialFunctions/MF_TransmissionOpacity.uexp" 715
"../../../Engine/Plugins/Interchange/Runtime/Content/gltf/MaterialFunctions/MF_RotateV2.uasset" 716
"../../../Engine/Plugins/Interchange/Runtime/Content/gltf/MaterialFunctions/MF_RotateV2.uexp" 717
"../../../Engine/Plugins/Interchange/Runtime/Content/gltf/MaterialFunctions/MF_TransformUVs.uasset" 718
"../../../Engine/Plugins/Interchange/Runtime/Content/gltf/MaterialFunctions/MF_TransformUVs.uexp" 719
"../../../Engine/Plugins/Interchange/Runtime/Content/gltf/Textures/T_White_srgb.uasset" 720
"../../../Engine/Plugins/Interchange/Runtime/Content/gltf/Textures/T_White_srgb.uexp" 721
"../../../Engine/Plugins/Interchange/Runtime/Content/gltf/MaterialFunctions/MF_BaseColor.uasset" 722
"../../../Engine/Plugins/Interchange/Runtime/Content/gltf/MaterialFunctions/MF_BaseColor.uexp" 723
"../../../Engine/Plugins/Interchange/Runtime/Content/gltf/MaterialFunctions/MF_DiffuseSpecGloss.uasset" 724
"../../../Engine/Plugins/Interchange/Runtime/Content/gltf/MaterialFunctions/MF_DiffuseSpecGloss.uexp" 725
"../../../Engine/Plugins/Interchange/Runtime/Content/gltf/Textures/T_White_Linear.uasset" 726
"../../../Engine/Plugins/Interchange/Runtime/Content/gltf/Textures/T_White_Linear.uexp" 727
"../../../Engine/Plugins/Interchange/Runtime/Content/gltf/MaterialFunctions/MF_MetallicRoughness.uasset" 728
"../../../Engine/Plugins/Interchange/Runtime/Content/gltf/MaterialFunctions/MF_MetallicRoughness.uexp" 729
"../../../Engine/Plugins/Interchange/Runtime/Content/gltf/MaterialFunctions/MF_Transmission.uasset" 730
"../../../Engine/Plugins/Interchange/Runtime/Content/gltf/MaterialFunctions/MF_Transmission.uexp" 731
"../../../Engine/Plugins/Interchange/Runtime/Content/gltf/MaterialFunctions/MF_Occlusion.uasset" 732
"../../../Engine/Plugins/Interchange/Runtime/Content/gltf/MaterialFunctions/MF_Occlusion.uexp" 733
"../../../Engine/Plugins/Interchange/Runtime/Content/gltf/MaterialFunctions/MF_Specular.uasset" 734
"../../../Engine/Plugins/Interchange/Runtime/Content/gltf/MaterialFunctions/MF_Specular.uexp" 735
"../../../Engine/Plugins/Interchange/Runtime/Content/gltf/MaterialFunctions/MF_IOR.uasset" 736
"../../../Engine/Plugins/Interchange/Runtime/Content/gltf/MaterialFunctions/MF_IOR.uexp" 737
"../../../Engine/Content/Functions/Engine_MaterialFunctions01/Texturing/FlattenNormal.uasset" 738
"../../../Engine/Content/Functions/Engine_MaterialFunctions01/Texturing/FlattenNormal.uexp" 739
"../../../Engine/Content/Functions/Engine_MaterialFunctions02/Math/Transform3x3Matrix.uasset" 740
"../../../Engine/Content/Functions/Engine_MaterialFunctions02/Math/Transform3x3Matrix.uexp" 741
"../../../Engine/Plugins/Interchange/Runtime/Content/gltf/MaterialFunctions/MF_RotateNormals_TS.uasset" 742
"../../../Engine/Plugins/Interchange/Runtime/Content/gltf/MaterialFunctions/MF_RotateNormals_TS.uexp" 743
"../../../Engine/Plugins/Interchange/Runtime/Content/gltf/Textures/T_Generic_N.uasset" 744
"../../../Engine/Plugins/Interchange/Runtime/Content/gltf/Textures/T_Generic_N.uexp" 745
"../../../Engine/Plugins/Interchange/Runtime/Content/gltf/MaterialFunctions/MF_Normals.uasset" 746
"../../../Engine/Plugins/Interchange/Runtime/Content/gltf/MaterialFunctions/MF_Normals.uexp" 747
"../../../Engine/Plugins/Interchange/Runtime/Content/gltf/MaterialFunctions/MF_PerceivedBrightness.uasset" 748
"../../../Engine/Plugins/Interchange/Runtime/Content/gltf/MaterialFunctions/MF_PerceivedBrightness.uexp" 749
"../../../Engine/Plugins/Interchange/Runtime/Content/gltf/MaterialFunctions/MF_SpecGlossToMetalRoughness.uasset" 750
"../../../Engine/Plugins/Interchange/Runtime/Content/gltf/MaterialFunctions/MF_SpecGlossToMetalRoughness.uexp" 751
"../../../Engine/Plugins/Interchange/Runtime/Content/gltf/M_Transmission.uasset" 752
"../../../Engine/Plugins/Interchange/Runtime/Content/gltf/M_Transmission.uexp" 753
"../../../Engine/Plugins/Interchange/Runtime/Content/gltf/MaterialInstances_MR/MI_Transmission_TS.uasset" 754
"../../../Engine/Plugins/Interchange/Runtime/Content/gltf/MaterialInstances_MR/MI_Transmission_TS.uexp" 755
"../../../Engine/Plugins/Interchange/Runtime/Content/gltf/MaterialInstances_MR/MI_Transmission.uasset" 756
"../../../Engine/Plugins/Interchange/Runtime/Content/gltf/MaterialInstances_MR/MI_Transmission.uexp" 757
"../../../Engine/Plugins/Interchange/Runtime/Content/gltf/MaterialFunctions/MF_Clearcoat.uasset" 758
"../../../Engine/Plugins/Interchange/Runtime/Content/gltf/MaterialFunctions/MF_Clearcoat.uexp" 759
"../../../Engine/Plugins/Interchange/Runtime/Content/gltf/MaterialFunctions/MF_Emissive.uasset" 760
"../../../Engine/Plugins/Interchange/Runtime/Content/gltf/MaterialFunctions/MF_Emissive.uexp" 761
"../../../Engine/Plugins/Interchange/Runtime/Content/gltf/M_Translucent.uasset" 762
"../../../Engine/Plugins/Interchange/Runtime/Content/gltf/M_Translucent.uexp" 763
"../../../Engine/Plugins/Interchange/Runtime/Content/gltf/MaterialInstances_MR/MI_Translucent_TS.uasset" 764
"../../../Engine/Plugins/Interchange/Runtime/Content/gltf/MaterialInstances_MR/MI_Translucent_TS.uexp" 765
"../../../Engine/Plugins/Interchange/Runtime/Content/gltf/MaterialInstances_MR/MI_Translucent_ClearCoat_TS.uasset" 766
"../../../Engine/Plugins/Interchange/Runtime/Content/gltf/MaterialInstances_MR/MI_Translucent_ClearCoat_TS.uexp" 767
"../../../Engine/Plugins/Interchange/Runtime/Content/gltf/MaterialInstances_MR/MI_Translucent_ClearCoat.uasset" 768
"../../../Engine/Plugins/Interchange/Runtime/Content/gltf/MaterialInstances_MR/MI_Translucent_ClearCoat.uexp" 769
"../../../Engine/Plugins/Interchange/Runtime/Content/gltf/MaterialInstances_MR/MI_Translucent.uasset" 770
"../../../Engine/Plugins/Interchange/Runtime/Content/gltf/MaterialInstances_MR/MI_Translucent.uexp" 771
"../../../Engine/Plugins/Interchange/Runtime/Content/gltf/M_Unlit.uasset" 772
"../../../Engine/Plugins/Interchange/Runtime/Content/gltf/M_Unlit.uexp" 773
"../../../Engine/Plugins/Interchange/Runtime/Content/gltf/MaterialInstances_MR/MI_Opaque_Unlit_TS.uasset" 774
"../../../Engine/Plugins/Interchange/Runtime/Content/gltf/MaterialInstances_MR/MI_Opaque_Unlit_TS.uexp" 775
"../../../Engine/Plugins/Interchange/Runtime/Content/gltf/MaterialInstances_MR/MI_Opaque_Unlit.uasset" 776
"../../../Engine/Plugins/Interchange/Runtime/Content/gltf/MaterialInstances_MR/MI_Opaque_Unlit.uexp" 777
"../../../Engine/Plugins/Interchange/Runtime/Content/gltf/M_Opaque.uasset" 778
"../../../Engine/Plugins/Interchange/Runtime/Content/gltf/M_Opaque.uexp" 779
"../../../Engine/Plugins/Interchange/Runtime/Content/gltf/MaterialInstances_MR/MI_Opaque_TS.uasset" 780
"../../../Engine/Plugins/Interchange/Runtime/Content/gltf/MaterialInstances_MR/MI_Opaque_TS.uexp" 781
"../../../Engine/Plugins/Interchange/Runtime/Content/gltf/MaterialFunctions/MF_Sheen.uasset" 782
"../../../Engine/Plugins/Interchange/Runtime/Content/gltf/MaterialFunctions/MF_Sheen.uexp" 783
"../../../Engine/Content/Functions/Engine_MaterialFunctions01/Shading/FuzzyShading.uasset" 784
"../../../Engine/Content/Functions/Engine_MaterialFunctions01/Shading/FuzzyShading.uexp" 785
"../../../Engine/Plugins/Interchange/Runtime/Content/gltf/M_Sheen.uasset" 786
"../../../Engine/Plugins/Interchange/Runtime/Content/gltf/M_Sheen.uexp" 787
"../../../Engine/Plugins/Interchange/Runtime/Content/gltf/MaterialInstances_MR/MI_Opaque_Sheen_TS.uasset" 788
"../../../Engine/Plugins/Interchange/Runtime/Content/gltf/MaterialInstances_MR/MI_Opaque_Sheen_TS.uexp" 789
"../../../Engine/Plugins/Interchange/Runtime/Content/gltf/MaterialInstances_MR/MI_Opaque_Sheen.uasset" 790
"../../../Engine/Plugins/Interchange/Runtime/Content/gltf/MaterialInstances_MR/MI_Opaque_Sheen.uexp" 791
"../../../Engine/Plugins/Interchange/Runtime/Content/gltf/MaterialInstances_MR/MI_Opaque_ClearCoat_TS.uasset" 792
"../../../Engine/Plugins/Interchange/Runtime/Content/gltf/MaterialInstances_MR/MI_Opaque_ClearCoat_TS.uexp" 793
"../../../Engine/Plugins/Interchange/Runtime/Content/gltf/MaterialInstances_MR/MI_Opaque_ClearCoat.uasset" 794
"../../../Engine/Plugins/Interchange/Runtime/Content/gltf/MaterialInstances_MR/MI_Opaque_ClearCoat.uexp" 795
"../../../Engine/Plugins/Interchange/Runtime/Content/gltf/MaterialInstances_MR/MI_Opaque.uasset" 796
"../../../Engine/Plugins/Interchange/Runtime/Content/gltf/MaterialInstances_MR/MI_Opaque.uexp" 797
"../../../Engine/Plugins/Interchange/Runtime/Content/gltf/MaterialInstances_SG/MI_Transmission_TS.uasset" 798
"../../../Engine/Plugins/Interchange/Runtime/Content/gltf/MaterialInstances_SG/MI_Transmission_TS.uexp" 799
"../../../Engine/Plugins/Interchange/Runtime/Content/gltf/MaterialInstances_SG/MI_Transmission.uasset" 800
"../../../Engine/Plugins/Interchange/Runtime/Content/gltf/MaterialInstances_SG/MI_Transmission.uexp" 801
"../../../Engine/Plugins/Interchange/Runtime/Content/gltf/MaterialInstances_SG/MI_Translucent_TS.uasset" 802
"../../../Engine/Plugins/Interchange/Runtime/Content/gltf/MaterialInstances_SG/MI_Translucent_TS.uexp" 803
"../../../Engine/Plugins/Interchange/Runtime/Content/gltf/MaterialInstances_SG/MI_Translucent_ClearCoat_TS.uasset" 804
"../../../Engine/Plugins/Interchange/Runtime/Content/gltf/MaterialInstances_SG/MI_Translucent_ClearCoat_TS.uexp" 805
"../../../Engine/Plugins/Interchange/Runtime/Content/gltf/MaterialInstances_SG/MI_Translucent_ClearCoat.uasset" 806
"../../../Engine/Plugins/Interchange/Runtime/Content/gltf/MaterialInstances_SG/MI_Translucent_ClearCoat.uexp" 807
"../../../Engine/Plugins/Interchange/Runtime/Content/gltf/MaterialInstances_SG/MI_Translucent.uasset" 808
"../../../Engine/Plugins/Interchange/Runtime/Content/gltf/MaterialInstances_SG/MI_Translucent.uexp" 809
"../../../Engine/Plugins/Interchange/Runtime/Content/gltf/MaterialInstances_SG/MI_Opaque_TS.uasset" 810
"../../../Engine/Plugins/Interchange/Runtime/Content/gltf/MaterialInstances_SG/MI_Opaque_TS.uexp" 811
"../../../Engine/Plugins/Interchange/Runtime/Content/gltf/MaterialInstances_SG/MI_Opaque_Sheen_TS.uasset" 812
"../../../Engine/Plugins/Interchange/Runtime/Content/gltf/MaterialInstances_SG/MI_Opaque_Sheen_TS.uexp" 813
"../../../Engine/Plugins/Interchange/Runtime/Content/gltf/MaterialInstances_SG/MI_Opaque_Sheen.uasset" 814
"../../../Engine/Plugins/Interchange/Runtime/Content/gltf/MaterialInstances_SG/MI_Opaque_Sheen.uexp" 815
"../../../Engine/Plugins/Interchange/Runtime/Content/gltf/MaterialInstances_SG/MI_Opaque_ClearCoat_TS.uasset" 816
"../../../Engine/Plugins/Interchange/Runtime/Content/gltf/MaterialInstances_SG/MI_Opaque_ClearCoat_TS.uexp" 817
"../../../Engine/Plugins/Interchange/Runtime/Content/gltf/MaterialInstances_SG/MI_Opaque_ClearCoat.uasset" 818
"../../../Engine/Plugins/Interchange/Runtime/Content/gltf/MaterialInstances_SG/MI_Opaque_ClearCoat.uexp" 819
"../../../Engine/Plugins/Interchange/Runtime/Content/gltf/MaterialInstances_SG/MI_Opaque.uasset" 820
"../../../Engine/Plugins/Interchange/Runtime/Content/gltf/MaterialInstances_SG/MI_Opaque.uexp" 821
"../../../Engine/Plugins/Interchange/Runtime/Content/gltf/Textures/T_Gray_Linear.uasset" 822
"../../../Engine/Plugins/Interchange/Runtime/Content/gltf/Textures/T_Gray_Linear.uexp" 823
"../../../Engine/Plugins/Interchange/Runtime/Content/gltf/Textures/T_Black_srgb.uasset" 824
"../../../Engine/Plugins/Interchange/Runtime/Content/gltf/Textures/T_Black_srgb.uexp" 825
"../../../Engine/Plugins/Interchange/Runtime/Content/Materials/UnlitMaterial.uasset" 826
"../../../Engine/Plugins/Interchange/Runtime/Content/Materials/UnlitMaterial.uexp" 827
"../../../Engine/Content/EngineMaterials/DefaultNormal.ubulk" 828
"../../../Engine/Content/EngineMaterials/DefaultNormal.uasset" 829
"../../../Engine/Content/EngineMaterials/DefaultNormal.uexp" 830
"../../../Engine/Plugins/Interchange/Runtime/Content/Materials/MapOrScalarFunction.uasset" 831
"../../../Engine/Plugins/Interchange/Runtime/Content/Materials/MapOrScalarFunction.uexp" 832
"../../../Engine/Plugins/Interchange/Runtime/Content/Materials/MapOrLinearColorFunction.uasset" 833
"../../../Engine/Plugins/Interchange/Runtime/Content/Materials/MapOrLinearColorFunction.uexp" 834
"../../../Engine/Plugins/Interchange/Runtime/Content/Materials/MapOrColorFunction.uasset" 835
"../../../Engine/Plugins/Interchange/Runtime/Content/Materials/MapOrColorFunction.uexp" 836
"../../../Engine/Plugins/Interchange/Runtime/Content/Materials/CommonMaterial.uasset" 837
"../../../Engine/Plugins/Interchange/Runtime/Content/Materials/CommonMaterial.uexp" 838
"../../../Engine/Plugins/Interchange/Runtime/Content/Materials/PBRSurfaceFunction.uasset" 839
"../../../Engine/Plugins/Interchange/Runtime/Content/Materials/PBRSurfaceFunction.uexp" 840
"../../../Engine/Plugins/Interchange/Runtime/Content/Materials/ThinTranslucentMaterial.uasset" 841
"../../../Engine/Plugins/Interchange/Runtime/Content/Materials/ThinTranslucentMaterial.uexp" 842
"../../../Engine/Plugins/Interchange/Runtime/Content/Materials/SubsurfaceMaterial.uasset" 843
"../../../Engine/Plugins/Interchange/Runtime/Content/Materials/SubsurfaceMaterial.uexp" 844
"../../../Engine/Plugins/Interchange/Runtime/Content/Materials/SheenMaterial.uasset" 845
"../../../Engine/Plugins/Interchange/Runtime/Content/Materials/SheenMaterial.uexp" 846
"../../../Engine/Content/Functions/Engine_MaterialFunctions01/Shading/ConvertFromDiffSpec.uasset" 847
"../../../Engine/Content/Functions/Engine_MaterialFunctions01/Shading/ConvertFromDiffSpec.uexp" 848
"../../../Engine/Plugins/Interchange/Runtime/Content/Materials/PhongSurfaceMaterial.uasset" 849
"../../../Engine/Plugins/Interchange/Runtime/Content/Materials/PhongSurfaceMaterial.uexp" 850
"../../../Engine/Plugins/Interchange/Runtime/Content/Materials/PBRSurfaceMaterial.uasset" 851
"../../../Engine/Plugins/Interchange/Runtime/Content/Materials/PBRSurfaceMaterial.uexp" 852
"../../../Engine/Content/EngineMaterials/FlatNormal.uasset" 853
"../../../Engine/Content/EngineMaterials/FlatNormal.uexp" 854
"../../../Engine/Content/EditorLandscapeResources/WhiteSquareTexture.uasset" 855
"../../../Engine/Content/EditorLandscapeResources/WhiteSquareTexture.uexp" 856
"../../../Engine/Plugins/Interchange/Runtime/Content/Materials/OrenNayerMaterial.uasset" 857
"../../../Engine/Plugins/Interchange/Runtime/Content/Materials/OrenNayerMaterial.uexp" 858
"../../../Engine/Plugins/Interchange/Runtime/Content/Materials/LambertSurfaceMaterial.uasset" 859
"../../../Engine/Plugins/Interchange/Runtime/Content/Materials/LambertSurfaceMaterial.uexp" 860
"../../../Engine/Plugins/Interchange/Runtime/Content/Materials/ClearCoatMaterial.uasset" 861
"../../../Engine/Plugins/Interchange/Runtime/Content/Materials/ClearCoatMaterial.uexp" 862
"../../../Engine/Plugins/Interchange/Runtime/Content/Pipelines/DefaultTexturePipeline.uasset" 863
"../../../Engine/Plugins/Interchange/Runtime/Content/Pipelines/DefaultTexturePipeline.uexp" 864
"../../../Engine/Plugins/Interchange/Runtime/Content/Pipelines/DefaultSceneLevelPipeline.uasset" 865
"../../../Engine/Plugins/Interchange/Runtime/Content/Pipelines/DefaultSceneLevelPipeline.uexp" 866
"../../../Engine/Plugins/Interchange/Runtime/Content/Pipelines/DefaultSceneAssetsPipeline.uasset" 867
"../../../Engine/Plugins/Interchange/Runtime/Content/Pipelines/DefaultSceneAssetsPipeline.uexp" 868
"../../../Engine/Plugins/Interchange/Runtime/Content/Pipelines/DefaultMaterialPipeline.uasset" 869
"../../../Engine/Plugins/Interchange/Runtime/Content/Pipelines/DefaultMaterialPipeline.uexp" 870
"../../../Engine/Plugins/Interchange/Runtime/Content/Pipelines/DefaultAssetsPipeline.uasset" 871
"../../../Engine/Plugins/Interchange/Runtime/Content/Pipelines/DefaultAssetsPipeline.uexp" 872
"../../../Engine/Plugins/Runtime/MeshModelingToolset/Content/Materials/M_DynamicMeshComponentVtxColor.uasset" 873
"../../../Engine/Plugins/Runtime/MeshModelingToolset/Content/Materials/M_DynamicMeshComponentVtxColor.uexp" 874
"../../../Engine/Content/BasicShapes/Cylinder.ubulk" 875
"../../../Engine/Content/BasicShapes/Cylinder.uasset" 876
"../../../Engine/Content/BasicShapes/Cylinder.uexp" 877
"../../../Engine/Content/BasicShapes/Plane.ubulk" 878
"../../../Engine/Content/BasicShapes/Plane.uasset" 879
"../../../Engine/Content/BasicShapes/Plane.uexp" 880
"C:/Unreal Projects/FungusAbenteuer/Content/MyMesh/Steine/Stone13.ubulk" 881
"C:/Unreal Projects/FungusAbenteuer/Content/MyMesh/Steine/Stone13.uasset" 882
"C:/Unreal Projects/FungusAbenteuer/Content/MyMesh/Steine/Stone13.uexp" 883
"C:/Unreal Projects/FungusAbenteuer/Content/MyMesh/Steine/Stone1.ubulk" 884
"C:/Unreal Projects/FungusAbenteuer/Content/MyMesh/Steine/Stone1.uasset" 885
"C:/Unreal Projects/FungusAbenteuer/Content/MyMesh/Steine/Stone1.uexp" 886
"C:/Unreal Projects/FungusAbenteuer/Content/MyMesh/Seerosen/Seerose1.ubulk" 887
"C:/Unreal Projects/FungusAbenteuer/Content/MyMesh/Seerosen/Seerose1.uasset" 888
"C:/Unreal Projects/FungusAbenteuer/Content/MyMesh/Seerosen/Seerose1.uexp" 889
"C:/Unreal Projects/FungusAbenteuer/Content/MyMesh/Steine/Stone23.ubulk" 890
"C:/Unreal Projects/FungusAbenteuer/Content/MyMesh/Steine/Stone23.uasset" 891
"C:/Unreal Projects/FungusAbenteuer/Content/MyMesh/Steine/Stone23.uexp" 892
"C:/Unreal Projects/FungusAbenteuer/Content/MyMesh/Steine/Stone15.ubulk" 893
"C:/Unreal Projects/FungusAbenteuer/Content/MyMesh/Steine/Stone15.uasset" 894
"C:/Unreal Projects/FungusAbenteuer/Content/MyMesh/Steine/Stone15.uexp" 895
"C:/Unreal Projects/FungusAbenteuer/Content/MyMesh/Steine/Stone25.ubulk" 896
"C:/Unreal Projects/FungusAbenteuer/Content/MyMesh/Steine/Stone25.uasset" 897
"C:/Unreal Projects/FungusAbenteuer/Content/MyMesh/Steine/Stone25.uexp" 898
"C:/Unreal Projects/FungusAbenteuer/Content/Materials/Blockout2.uasset" 899
"C:/Unreal Projects/FungusAbenteuer/Content/Materials/Blockout2.uexp" 900
"C:/Unreal Projects/FungusAbenteuer/Content/MyMesh/Steine/Stone30.ubulk" 901
"C:/Unreal Projects/FungusAbenteuer/Content/MyMesh/Steine/Stone30.uasset" 902
"C:/Unreal Projects/FungusAbenteuer/Content/MyMesh/Steine/Stone30.uexp" 903
"C:/Unreal Projects/FungusAbenteuer/Content/MyMesh/Steine/Stone22.ubulk" 904
"C:/Unreal Projects/FungusAbenteuer/Content/MyMesh/Steine/Stone22.uasset" 905
"C:/Unreal Projects/FungusAbenteuer/Content/MyMesh/Steine/Stone22.uexp" 906
"../../../Engine/Content/Functions/Engine_MaterialFunctions02/Utility/BlendAngleCorrectedNormals.uasset" 907
"../../../Engine/Content/Functions/Engine_MaterialFunctions02/Utility/BlendAngleCorrectedNormals.uexp" 908
"C:/Unreal Projects/FungusAbenteuer/Content/StarterContent/Textures/T_Water_N.ubulk" 909
"C:/Unreal Projects/FungusAbenteuer/Content/StarterContent/Textures/T_Water_N.uasset" 910
"C:/Unreal Projects/FungusAbenteuer/Content/StarterContent/Textures/T_Water_N.uexp" 911
"C:/Unreal Projects/FungusAbenteuer/Content/Materials/M_Water.uasset" 912
"C:/Unreal Projects/FungusAbenteuer/Content/Materials/M_Water.uexp" 913
"C:/Unreal Projects/FungusAbenteuer/Content/Materials/MI_Water.uasset" 914
"C:/Unreal Projects/FungusAbenteuer/Content/Materials/MI_Water.uexp" 915
"C:/Unreal Projects/FungusAbenteuer/Content/MyMesh/IgelStachel/IgelStachel1.ubulk" 916
"C:/Unreal Projects/FungusAbenteuer/Content/MyMesh/IgelStachel/IgelStachel1.uasset" 917
"C:/Unreal Projects/FungusAbenteuer/Content/MyMesh/IgelStachel/IgelStachel1.uexp" 918
"C:/Unreal Projects/FungusAbenteuer/Content/MyMesh/Seerosen/Seerose2.ubulk" 919
"C:/Unreal Projects/FungusAbenteuer/Content/MyMesh/Seerosen/Seerose2.uasset" 920
"C:/Unreal Projects/FungusAbenteuer/Content/MyMesh/Seerosen/Seerose2.uexp" 921
"C:/Unreal Projects/FungusAbenteuer/Content/MyMesh/Steine/Stone10.ubulk" 922
"C:/Unreal Projects/FungusAbenteuer/Content/MyMesh/Steine/Stone10.uasset" 923
"C:/Unreal Projects/FungusAbenteuer/Content/MyMesh/Steine/Stone10.uexp" 924
"../../../Engine/Content/Functions/Engine_MaterialFunctions01/AlphaBlend/WorldAlignedBlend.uasset" 925
"../../../Engine/Content/Functions/Engine_MaterialFunctions01/AlphaBlend/WorldAlignedBlend.uexp" 926
"C:/Unreal Projects/FungusAbenteuer/Content/StarterContent/Textures/T_Smoke_Tiled_D.ubulk" 927
"C:/Unreal Projects/FungusAbenteuer/Content/StarterContent/Textures/T_Smoke_Tiled_D.uasset" 928
"C:/Unreal Projects/FungusAbenteuer/Content/StarterContent/Textures/T_Smoke_Tiled_D.uexp" 929
"C:/Unreal Projects/FungusAbenteuer/Content/Materials/M_Landscape.uasset" 930
"C:/Unreal Projects/FungusAbenteuer/Content/Materials/M_Landscape.uexp" 931
"C:/Unreal Projects/FungusAbenteuer/Content/Materials/MI_Landscape.uasset" 932
"C:/Unreal Projects/FungusAbenteuer/Content/Materials/MI_Landscape.uexp" 933
"C:/Unreal Projects/FungusAbenteuer/Content/MyMesh/Deko/PilzPlatzhalter.ubulk" 934
"C:/Unreal Projects/FungusAbenteuer/Content/MyMesh/Deko/PilzPlatzhalter.uasset" 935
"C:/Unreal Projects/FungusAbenteuer/Content/MyMesh/Deko/PilzPlatzhalter.uexp" 936
"C:/Unreal Projects/FungusAbenteuer/Content/MyMesh/Steine/Stone21.ubulk" 937
"C:/Unreal Projects/FungusAbenteuer/Content/MyMesh/Steine/Stone21.uasset" 938
"C:/Unreal Projects/FungusAbenteuer/Content/MyMesh/Steine/Stone21.uexp" 939
"C:/Unreal Projects/FungusAbenteuer/Content/MyMesh/Steine/Stone7.ubulk" 940
"C:/Unreal Projects/FungusAbenteuer/Content/MyMesh/Steine/Stone7.uasset" 941
"C:/Unreal Projects/FungusAbenteuer/Content/MyMesh/Steine/Stone7.uexp" 942
"C:/Unreal Projects/FungusAbenteuer/Content/MyMesh/Steine/Stone4.ubulk" 943
"C:/Unreal Projects/FungusAbenteuer/Content/MyMesh/Steine/Stone4.uasset" 944
"C:/Unreal Projects/FungusAbenteuer/Content/MyMesh/Steine/Stone4.uexp" 945
"C:/Unreal Projects/FungusAbenteuer/Content/MyMesh/Steine/Stone29.ubulk" 946
"C:/Unreal Projects/FungusAbenteuer/Content/MyMesh/Steine/Stone29.uasset" 947
"C:/Unreal Projects/FungusAbenteuer/Content/MyMesh/Steine/Stone29.uexp" 948
"C:/Unreal Projects/FungusAbenteuer/Content/Materials/Blockout.uasset" 949
"C:/Unreal Projects/FungusAbenteuer/Content/Materials/Blockout.uexp" 950
"C:/Unreal Projects/FungusAbenteuer/Content/MyMesh/Steine/Stone26.ubulk" 951
"C:/Unreal Projects/FungusAbenteuer/Content/MyMesh/Steine/Stone26.uasset" 952
"C:/Unreal Projects/FungusAbenteuer/Content/MyMesh/Steine/Stone26.uexp" 953
"C:/Unreal Projects/FungusAbenteuer/Content/MyMesh/Steine/Stone16.ubulk" 954
"C:/Unreal Projects/FungusAbenteuer/Content/MyMesh/Steine/Stone16.uasset" 955
"C:/Unreal Projects/FungusAbenteuer/Content/MyMesh/Steine/Stone16.uexp" 956
"C:/Unreal Projects/FungusAbenteuer/Content/MyMesh/Deko/BaumPlatzhalter.ubulk" 957
"C:/Unreal Projects/FungusAbenteuer/Content/MyMesh/Deko/BaumPlatzhalter.uasset" 958
"C:/Unreal Projects/FungusAbenteuer/Content/MyMesh/Deko/BaumPlatzhalter.uexp" 959
"C:/Unreal Projects/FungusAbenteuer/Content/MyMesh/Steine/Stone8.ubulk" 960
"C:/Unreal Projects/FungusAbenteuer/Content/MyMesh/Steine/Stone8.uasset" 961
"C:/Unreal Projects/FungusAbenteuer/Content/MyMesh/Steine/Stone8.uexp" 962
"C:/Unreal Projects/FungusAbenteuer/Content/MyMesh/Steine/Stone11.ubulk" 963
"C:/Unreal Projects/FungusAbenteuer/Content/MyMesh/Steine/Stone11.uasset" 964
"C:/Unreal Projects/FungusAbenteuer/Content/MyMesh/Steine/Stone11.uexp" 965
"C:/Unreal Projects/FungusAbenteuer/Content/MyMesh/Steine/Stone3.ubulk" 966
"C:/Unreal Projects/FungusAbenteuer/Content/MyMesh/Steine/Stone3.uasset" 967
"C:/Unreal Projects/FungusAbenteuer/Content/MyMesh/Steine/Stone3.uexp" 968
"C:/Unreal Projects/FungusAbenteuer/Content/MyMesh/IgelStachel/IgelStachel2.ubulk" 969
"C:/Unreal Projects/FungusAbenteuer/Content/MyMesh/IgelStachel/IgelStachel2.uasset" 970
"C:/Unreal Projects/FungusAbenteuer/Content/MyMesh/IgelStachel/IgelStachel2.uexp" 971
"C:/Unreal Projects/FungusAbenteuer/Content/MyMesh/Steine/Stone14.ubulk" 972
"C:/Unreal Projects/FungusAbenteuer/Content/MyMesh/Steine/Stone14.uasset" 973
"C:/Unreal Projects/FungusAbenteuer/Content/MyMesh/Steine/Stone14.uexp" 974
"../../../Engine/Content/EngineMaterials/DefaultPhysicalMaterial.uasset" 975
"../../../Engine/Content/EngineMaterials/DefaultPhysicalMaterial.uexp" 976
"C:/Unreal Projects/FungusAbenteuer/Content/MyMesh/Steine/Stone6.ubulk" 977
"C:/Unreal Projects/FungusAbenteuer/Content/MyMesh/Steine/Stone6.uasset" 978
"C:/Unreal Projects/FungusAbenteuer/Content/MyMesh/Steine/Stone6.uexp" 979
"C:/Unreal Projects/FungusAbenteuer/Content/Materials/Blockout3.uasset" 980
"C:/Unreal Projects/FungusAbenteuer/Content/Materials/Blockout3.uexp" 981
"C:/Unreal Projects/FungusAbenteuer/Content/MyMesh/Steine/Stone5.ubulk" 982
"C:/Unreal Projects/FungusAbenteuer/Content/MyMesh/Steine/Stone5.uasset" 983
"C:/Unreal Projects/FungusAbenteuer/Content/MyMesh/Steine/Stone5.uexp" 984
"C:/Unreal Projects/FungusAbenteuer/Content/MyMesh/Steine/Stone24.ubulk" 985
"C:/Unreal Projects/FungusAbenteuer/Content/MyMesh/Steine/Stone24.uasset" 986
"C:/Unreal Projects/FungusAbenteuer/Content/MyMesh/Steine/Stone24.uexp" 987
"C:/Unreal Projects/FungusAbenteuer/Content/MyMesh/Steine/Stone28.ubulk" 988
"C:/Unreal Projects/FungusAbenteuer/Content/MyMesh/Steine/Stone28.uasset" 989
"C:/Unreal Projects/FungusAbenteuer/Content/MyMesh/Steine/Stone28.uexp" 990
"C:/Unreal Projects/FungusAbenteuer/Content/Materials/test.uasset" 991
"C:/Unreal Projects/FungusAbenteuer/Content/Materials/test.uexp" 992
"C:/Unreal Projects/FungusAbenteuer/Content/MyMesh/Deko/Treppe.ubulk" 993
"C:/Unreal Projects/FungusAbenteuer/Content/MyMesh/Deko/Treppe.uasset" 994
"C:/Unreal Projects/FungusAbenteuer/Content/MyMesh/Deko/Treppe.uexp" 995
"C:/Unreal Projects/FungusAbenteuer/Content/MyMesh/IgelStachel/IgelStachel1K.ubulk" 996
"C:/Unreal Projects/FungusAbenteuer/Content/MyMesh/IgelStachel/IgelStachel1K.uasset" 997
"C:/Unreal Projects/FungusAbenteuer/Content/MyMesh/IgelStachel/IgelStachel1K.uexp" 998
"C:/Unreal Projects/FungusAbenteuer/Content/Materials/Blockout4.uasset" 999
"C:/Unreal Projects/FungusAbenteuer/Content/Materials/Blockout4.uexp" 1000
"C:/Unreal Projects/FungusAbenteuer/Content/Materials/Auto_LayerInfo.uasset" 1001
"C:/Unreal Projects/FungusAbenteuer/Content/Materials/Auto_LayerInfo.uexp" 1002
"C:/Unreal Projects/FungusAbenteuer/Content/MyMesh/Steine/Stone33.ubulk" 1003
"C:/Unreal Projects/FungusAbenteuer/Content/MyMesh/Steine/Stone33.uasset" 1004
"C:/Unreal Projects/FungusAbenteuer/Content/MyMesh/Steine/Stone33.uexp" 1005
"C:/Unreal Projects/FungusAbenteuer/Content/MyMesh/Steine/Stone17.ubulk" 1006
"C:/Unreal Projects/FungusAbenteuer/Content/MyMesh/Steine/Stone17.uasset" 1007
"C:/Unreal Projects/FungusAbenteuer/Content/MyMesh/Steine/Stone17.uexp" 1008
"C:/Unreal Projects/FungusAbenteuer/Content/ThirdPerson/Maps/FungusAbenteuer_BuiltData.ubulk" 1009
"C:/Unreal Projects/FungusAbenteuer/Content/ThirdPerson/Maps/FungusAbenteuer_BuiltData.uasset" 1010
"C:/Unreal Projects/FungusAbenteuer/Content/ThirdPerson/Maps/FungusAbenteuer_BuiltData.uexp" 1011
"C:/Unreal Projects/FungusAbenteuer/Content/MyMesh/Seerosen/Seerose3.ubulk" 1012
"C:/Unreal Projects/FungusAbenteuer/Content/MyMesh/Seerosen/Seerose3.uasset" 1013
"C:/Unreal Projects/FungusAbenteuer/Content/MyMesh/Seerosen/Seerose3.uexp" 1014
"C:/Unreal Projects/FungusAbenteuer/Content/MyMesh/Steine/Stone2.ubulk" 1015
"C:/Unreal Projects/FungusAbenteuer/Content/MyMesh/Steine/Stone2.uasset" 1016
"C:/Unreal Projects/FungusAbenteuer/Content/MyMesh/Steine/Stone2.uexp" 1017
"C:/Unreal Projects/FungusAbenteuer/Content/MyMesh/Steine/Stone32.ubulk" 1018
"C:/Unreal Projects/FungusAbenteuer/Content/MyMesh/Steine/Stone32.uasset" 1019
"C:/Unreal Projects/FungusAbenteuer/Content/MyMesh/Steine/Stone32.uexp" 1020
"C:/Unreal Projects/FungusAbenteuer/Content/MyMesh/Steine/Stone31.ubulk" 1021
"C:/Unreal Projects/FungusAbenteuer/Content/MyMesh/Steine/Stone31.uasset" 1022
"C:/Unreal Projects/FungusAbenteuer/Content/MyMesh/Steine/Stone31.uexp" 1023
"C:/Unreal Projects/FungusAbenteuer/Content/MyMesh/Steine/Stone9.ubulk" 1024
"C:/Unreal Projects/FungusAbenteuer/Content/MyMesh/Steine/Stone9.uasset" 1025
"C:/Unreal Projects/FungusAbenteuer/Content/MyMesh/Steine/Stone9.uexp" 1026
"C:/Unreal Projects/FungusAbenteuer/Content/MyMesh/Steine/Stone34.ubulk" 1027
"C:/Unreal Projects/FungusAbenteuer/Content/MyMesh/Steine/Stone34.uasset" 1028
"C:/Unreal Projects/FungusAbenteuer/Content/MyMesh/Steine/Stone34.uexp" 1029
"C:/Unreal Projects/FungusAbenteuer/Content/MyMesh/IgelStachel/IgelStachel2K.ubulk" 1030
"C:/Unreal Projects/FungusAbenteuer/Content/MyMesh/IgelStachel/IgelStachel2K.uasset" 1031
"C:/Unreal Projects/FungusAbenteuer/Content/MyMesh/IgelStachel/IgelStachel2K.uexp" 1032
"C:/Unreal Projects/FungusAbenteuer/Content/MyMesh/Steine/Stone12.ubulk" 1033
"C:/Unreal Projects/FungusAbenteuer/Content/MyMesh/Steine/Stone12.uasset" 1034
"C:/Unreal Projects/FungusAbenteuer/Content/MyMesh/Steine/Stone12.uexp" 1035
"C:/Unreal Projects/FungusAbenteuer/Content/MyMesh/IgelStachel/IgelStachel3K.ubulk" 1036
"C:/Unreal Projects/FungusAbenteuer/Content/MyMesh/IgelStachel/IgelStachel3K.uasset" 1037
"C:/Unreal Projects/FungusAbenteuer/Content/MyMesh/IgelStachel/IgelStachel3K.uexp" 1038
"C:/Unreal Projects/FungusAbenteuer/Content/Materials/Dirt_LayerInfo.uasset" 1039
"C:/Unreal Projects/FungusAbenteuer/Content/Materials/Dirt_LayerInfo.uexp" 1040
"../../../Engine/Content/Functions/Engine_MaterialFunctions01/Gradient/LinearGradient.uasset" 1041
"../../../Engine/Content/Functions/Engine_MaterialFunctions01/Gradient/LinearGradient.uexp" 1042
"../../../Engine/Content/Functions/Engine_MaterialFunctions01/WorldPositionOffset/SimpleGrassWind.uasset" 1043
"../../../Engine/Content/Functions/Engine_MaterialFunctions01/WorldPositionOffset/SimpleGrassWind.uexp" 1044
"C:/Unreal Projects/FungusAbenteuer/Content/MyMesh/Gras/M_Gras.uasset" 1045
"C:/Unreal Projects/FungusAbenteuer/Content/MyMesh/Gras/M_Gras.uexp" 1046
"C:/Unreal Projects/FungusAbenteuer/Content/MyMesh/Gras/MI_Gras.uasset" 1047
"C:/Unreal Projects/FungusAbenteuer/Content/MyMesh/Gras/MI_Gras.uexp" 1048
"C:/Unreal Projects/FungusAbenteuer/Content/MyMesh/Gras/Gras.ubulk" 1049
"C:/Unreal Projects/FungusAbenteuer/Content/MyMesh/Gras/Gras.uasset" 1050
"C:/Unreal Projects/FungusAbenteuer/Content/MyMesh/Gras/Gras.uexp" 1051
"C:/Unreal Projects/FungusAbenteuer/Content/MyMesh/IgelStachel/IgelStachel3.ubulk" 1052
"C:/Unreal Projects/FungusAbenteuer/Content/MyMesh/IgelStachel/IgelStachel3.uasset" 1053
"C:/Unreal Projects/FungusAbenteuer/Content/MyMesh/IgelStachel/IgelStachel3.uexp" 1054
"C:/Unreal Projects/FungusAbenteuer/Content/MyMesh/Steine/Stone27.ubulk" 1055
"C:/Unreal Projects/FungusAbenteuer/Content/MyMesh/Steine/Stone27.uasset" 1056
"C:/Unreal Projects/FungusAbenteuer/Content/MyMesh/Steine/Stone27.uexp" 1057
"C:/Unreal Projects/FungusAbenteuer/Content/ThirdPerson/Maps/FungusAbenteuer.uexp" 1058
"C:/Unreal Projects/FungusAbenteuer/Content/ThirdPerson/Maps/FungusAbenteuer.ubulk" 1059
"C:/Unreal Projects/FungusAbenteuer/Content/ThirdPerson/Maps/FungusAbenteuer.umap" 1060
"../../../Engine/Content/Maps/Entry_BuiltData.uasset" 1061
"../../../Engine/Content/Maps/Entry_BuiltData.uexp" 1062
"../../../Engine/Content/Maps/Entry.uexp" 1063
"../../../Engine/Content/Maps/Entry.umap" 1064
